[INFO] [00:01:11.794] [JavaFX Application Thread] [] com.zzg.mybatis.generator.util.ConfigHelper.findConnectorLibPath:215 --> jar resource: file:/C:/Users/Administrator/IdeaProjects/mybatis-generator-gui/target/classes/logback.xml
[INFO] [00:01:11.817] [JavaFX Application Thread] [] com.zzg.mybatis.generator.bridge.MybatisGeneratorBridge.generate:66 --> connectorLibPath: C:\Users\Administrator\IdeaProjects\mybatis-generator-gui\target\classes\lib\mysql-connector-java-5.1.38.jar
[INFO] [00:01:11.821] [JavaFX Application Thread] [] com.zzg.mybatis.generator.util.DbUtil.getConnectionUrlWithSchema:208 --> getConnectionUrlWithSchema, connection url: jdbc:mysql://localhost:3306/db_webapp?useUnicode=true&useSSL=false&characterEncoding=utf8
[DEBUG] [00:01:11.849] [JavaFX Application Thread] [] org.mybatis.generator.logging.LogFactory.setImplementation:105 --> Logging initialized using 'org.mybatis.generator.logging.slf4j.Slf4jLoggingLogFactory@73d6621e' adapter.
[DEBUG] [00:01:11.850] [JavaFX Application Thread] [] org.mybatis.generator.internal.db.DatabaseIntrospector.getColumns:506 --> Retrieving column information for table "db_webapp.tb_student"
[DEBUG] [00:01:11.867] [JavaFX Application Thread] [] org.mybatis.generator.internal.db.DatabaseIntrospector.getColumns:563 --> Found column "id", data type 4, in table "db_webapp..tb_student"
[DEBUG] [00:01:11.867] [JavaFX Application Thread] [] org.mybatis.generator.internal.db.DatabaseIntrospector.getColumns:563 --> Found column "user_no", data type 12, in table "db_webapp..tb_student"
[DEBUG] [00:01:11.868] [JavaFX Application Thread] [] org.mybatis.generator.internal.db.DatabaseIntrospector.getColumns:563 --> Found column "user_name", data type 12, in table "db_webapp..tb_student"
[DEBUG] [00:01:11.868] [JavaFX Application Thread] [] org.mybatis.generator.internal.db.DatabaseIntrospector.getColumns:563 --> Found column "user_pwd", data type 12, in table "db_webapp..tb_student"
[DEBUG] [00:01:11.868] [JavaFX Application Thread] [] org.mybatis.generator.internal.db.DatabaseIntrospector.getColumns:563 --> Found column "user_sex", data type 12, in table "db_webapp..tb_student"
[DEBUG] [00:01:11.868] [JavaFX Application Thread] [] org.mybatis.generator.internal.db.DatabaseIntrospector.getColumns:563 --> Found column "user_birth", data type 93, in table "db_webapp..tb_student"
[DEBUG] [00:01:11.869] [JavaFX Application Thread] [] org.mybatis.generator.internal.db.DatabaseIntrospector.getColumns:563 --> Found column "user_class", data type 12, in table "db_webapp..tb_student"
[DEBUG] [00:01:11.869] [JavaFX Application Thread] [] org.mybatis.generator.internal.db.DatabaseIntrospector.getColumns:563 --> Found column "date_create", data type 93, in table "db_webapp..tb_student"
[DEBUG] [00:01:11.869] [JavaFX Application Thread] [] org.mybatis.generator.internal.db.DatabaseIntrospector.getColumns:563 --> Found column "date_update", data type 93, in table "db_webapp..tb_student"
[INFO] [00:01:47.488] [JavaFX Application Thread] [] com.zzg.mybatis.generator.util.ConfigHelper.findConnectorLibPath:215 --> jar resource: file:/C:/Users/Administrator/IdeaProjects/mybatis-generator-gui/target/classes/logback.xml
[INFO] [00:01:47.489] [JavaFX Application Thread] [] com.zzg.mybatis.generator.bridge.MybatisGeneratorBridge.generate:66 --> connectorLibPath: C:\Users\Administrator\IdeaProjects\mybatis-generator-gui\target\classes\lib\mysql-connector-java-5.1.38.jar
[INFO] [00:01:47.489] [JavaFX Application Thread] [] com.zzg.mybatis.generator.util.DbUtil.getConnectionUrlWithSchema:208 --> getConnectionUrlWithSchema, connection url: jdbc:mysql://localhost:3306/db_webapp?useUnicode=true&useSSL=false&characterEncoding=utf8
[DEBUG] [00:01:47.494] [JavaFX Application Thread] [] org.mybatis.generator.internal.db.DatabaseIntrospector.getColumns:506 --> Retrieving column information for table "db_webapp.tb_user"
[DEBUG] [00:01:47.497] [JavaFX Application Thread] [] org.mybatis.generator.internal.db.DatabaseIntrospector.getColumns:563 --> Found column "id", data type 4, in table "db_webapp..tb_user"
[DEBUG] [00:01:47.497] [JavaFX Application Thread] [] org.mybatis.generator.internal.db.DatabaseIntrospector.getColumns:563 --> Found column "username", data type 12, in table "db_webapp..tb_user"
[DEBUG] [00:01:47.498] [JavaFX Application Thread] [] org.mybatis.generator.internal.db.DatabaseIntrospector.getColumns:563 --> Found column "password", data type 12, in table "db_webapp..tb_user"
[INFO] [00:02:12.162] [JavaFX Application Thread] [] com.zzg.mybatis.generator.util.ConfigHelper.findConnectorLibPath:215 --> jar resource: file:/C:/Users/Administrator/IdeaProjects/mybatis-generator-gui/target/classes/logback.xml
[INFO] [00:02:12.162] [JavaFX Application Thread] [] com.zzg.mybatis.generator.bridge.MybatisGeneratorBridge.generate:66 --> connectorLibPath: C:\Users\Administrator\IdeaProjects\mybatis-generator-gui\target\classes\lib\mysql-connector-java-5.1.38.jar
[INFO] [00:02:12.163] [JavaFX Application Thread] [] com.zzg.mybatis.generator.util.DbUtil.getConnectionUrlWithSchema:208 --> getConnectionUrlWithSchema, connection url: jdbc:mysql://localhost:3306/db_webapp?useUnicode=true&useSSL=false&characterEncoding=utf8
[DEBUG] [00:02:12.167] [JavaFX Application Thread] [] org.mybatis.generator.internal.db.DatabaseIntrospector.getColumns:506 --> Retrieving column information for table "db_webapp.tb_student"
[DEBUG] [00:02:12.171] [JavaFX Application Thread] [] org.mybatis.generator.internal.db.DatabaseIntrospector.getColumns:563 --> Found column "id", data type 4, in table "db_webapp..tb_student"
[DEBUG] [00:02:12.171] [JavaFX Application Thread] [] org.mybatis.generator.internal.db.DatabaseIntrospector.getColumns:563 --> Found column "user_no", data type 12, in table "db_webapp..tb_student"
[DEBUG] [00:02:12.172] [JavaFX Application Thread] [] org.mybatis.generator.internal.db.DatabaseIntrospector.getColumns:563 --> Found column "user_name", data type 12, in table "db_webapp..tb_student"
[DEBUG] [00:02:12.172] [JavaFX Application Thread] [] org.mybatis.generator.internal.db.DatabaseIntrospector.getColumns:563 --> Found column "user_pwd", data type 12, in table "db_webapp..tb_student"
[DEBUG] [00:02:12.172] [JavaFX Application Thread] [] org.mybatis.generator.internal.db.DatabaseIntrospector.getColumns:563 --> Found column "user_sex", data type 12, in table "db_webapp..tb_student"
[DEBUG] [00:02:12.172] [JavaFX Application Thread] [] org.mybatis.generator.internal.db.DatabaseIntrospector.getColumns:563 --> Found column "user_birth", data type 93, in table "db_webapp..tb_student"
[DEBUG] [00:02:12.173] [JavaFX Application Thread] [] org.mybatis.generator.internal.db.DatabaseIntrospector.getColumns:563 --> Found column "user_class", data type 12, in table "db_webapp..tb_student"
[DEBUG] [00:02:12.173] [JavaFX Application Thread] [] org.mybatis.generator.internal.db.DatabaseIntrospector.getColumns:563 --> Found column "date_create", data type 93, in table "db_webapp..tb_student"
[DEBUG] [00:02:12.173] [JavaFX Application Thread] [] org.mybatis.generator.internal.db.DatabaseIntrospector.getColumns:563 --> Found column "date_update", data type 93, in table "db_webapp..tb_student"
[INFO] [00:02:15.504] [JavaFX Application Thread] [] com.zzg.mybatis.generator.util.ConfigHelper.findConnectorLibPath:215 --> jar resource: file:/C:/Users/Administrator/IdeaProjects/mybatis-generator-gui/target/classes/logback.xml
[INFO] [00:02:15.504] [JavaFX Application Thread] [] com.zzg.mybatis.generator.bridge.MybatisGeneratorBridge.generate:66 --> connectorLibPath: C:\Users\Administrator\IdeaProjects\mybatis-generator-gui\target\classes\lib\mysql-connector-java-5.1.38.jar
[INFO] [00:02:15.504] [JavaFX Application Thread] [] com.zzg.mybatis.generator.util.DbUtil.getConnectionUrlWithSchema:208 --> getConnectionUrlWithSchema, connection url: jdbc:mysql://localhost:3306/db_webapp?useUnicode=true&useSSL=false&characterEncoding=utf8
[DEBUG] [00:02:15.510] [JavaFX Application Thread] [] org.mybatis.generator.internal.db.DatabaseIntrospector.getColumns:506 --> Retrieving column information for table "db_webapp.tb_student"
[DEBUG] [00:02:15.513] [JavaFX Application Thread] [] org.mybatis.generator.internal.db.DatabaseIntrospector.getColumns:563 --> Found column "id", data type 4, in table "db_webapp..tb_student"
[DEBUG] [00:02:15.513] [JavaFX Application Thread] [] org.mybatis.generator.internal.db.DatabaseIntrospector.getColumns:563 --> Found column "user_no", data type 12, in table "db_webapp..tb_student"
[DEBUG] [00:02:15.513] [JavaFX Application Thread] [] org.mybatis.generator.internal.db.DatabaseIntrospector.getColumns:563 --> Found column "user_name", data type 12, in table "db_webapp..tb_student"
[DEBUG] [00:02:15.514] [JavaFX Application Thread] [] org.mybatis.generator.internal.db.DatabaseIntrospector.getColumns:563 --> Found column "user_pwd", data type 12, in table "db_webapp..tb_student"
[DEBUG] [00:02:15.514] [JavaFX Application Thread] [] org.mybatis.generator.internal.db.DatabaseIntrospector.getColumns:563 --> Found column "user_sex", data type 12, in table "db_webapp..tb_student"
[DEBUG] [00:02:15.514] [JavaFX Application Thread] [] org.mybatis.generator.internal.db.DatabaseIntrospector.getColumns:563 --> Found column "user_birth", data type 93, in table "db_webapp..tb_student"
[DEBUG] [00:02:15.514] [JavaFX Application Thread] [] org.mybatis.generator.internal.db.DatabaseIntrospector.getColumns:563 --> Found column "user_class", data type 12, in table "db_webapp..tb_student"
[DEBUG] [00:02:15.514] [JavaFX Application Thread] [] org.mybatis.generator.internal.db.DatabaseIntrospector.getColumns:563 --> Found column "date_create", data type 93, in table "db_webapp..tb_student"
[DEBUG] [00:02:15.515] [JavaFX Application Thread] [] org.mybatis.generator.internal.db.DatabaseIntrospector.getColumns:563 --> Found column "date_update", data type 93, in table "db_webapp..tb_student"
