[INFO] [14:57:48.389] [JavaFX Application Thread] [] com.zzg.mybatis.generator.util.ConnectionManager.getConnection:20 --> database FilePath :C:\Users\Administrator\IdeaProjects\mybatis-generator-gui\.\config\sqlite3.db
[INFO] [14:57:59.599] [JavaFX Application Thread] [] com.zzg.mybatis.generator.util.ConfigHelper.getAllJDBCDriverJarPaths:238 --> jar lib path: C:\Users\Administrator\IdeaProjects\mybatis-generator-gui\src\main\resources\lib
[INFO] [14:57:59.599] [JavaFX Application Thread] [] com.zzg.mybatis.generator.util.ConfigHelper.getAllJDBCDriverJarPaths:242 --> jar file: C:\Users\Administrator\IdeaProjects\mybatis-generator-gui\src\main\resources\lib\mysql-connector-java-5.1.38.jar
[INFO] [14:57:59.607] [JavaFX Application Thread] [] com.zzg.mybatis.generator.util.ConfigHelper.getAllJDBCDriverJarPaths:242 --> jar file: C:\Users\Administrator\IdeaProjects\mybatis-generator-gui\src\main\resources\lib\mysql-connector-java-8.0.11.jar
[INFO] [14:57:59.608] [JavaFX Application Thread] [] com.zzg.mybatis.generator.util.ConfigHelper.getAllJDBCDriverJarPaths:242 --> jar file: C:\Users\Administrator\IdeaProjects\mybatis-generator-gui\src\main\resources\lib\ojdbc6.jar
[INFO] [14:57:59.608] [JavaFX Application Thread] [] com.zzg.mybatis.generator.util.ConfigHelper.getAllJDBCDriverJarPaths:242 --> jar file: C:\Users\Administrator\IdeaProjects\mybatis-generator-gui\src\main\resources\lib\postgresql-9.4.1209.jar
[INFO] [14:57:59.608] [JavaFX Application Thread] [] com.zzg.mybatis.generator.util.ConfigHelper.getAllJDBCDriverJarPaths:242 --> jar file: C:\Users\Administrator\IdeaProjects\mybatis-generator-gui\src\main\resources\lib\sqlite-jdbc-3.19.3.jar
[INFO] [14:57:59.609] [JavaFX Application Thread] [] com.zzg.mybatis.generator.util.ConfigHelper.getAllJDBCDriverJarPaths:242 --> jar file: C:\Users\Administrator\IdeaProjects\mybatis-generator-gui\src\main\resources\lib\sqljdbc4-4.0.jar
[INFO] [14:57:59.612] [JavaFX Application Thread] [] com.zzg.mybatis.generator.util.DbUtil.loadDbDriver:222 --> load driver class: com.mysql.jdbc.Driver@7c974a28
[INFO] [14:57:59.612] [JavaFX Application Thread] [] com.zzg.mybatis.generator.util.DbUtil.getConnectionUrlWithSchema:208 --> getConnectionUrlWithSchema, connection url: jdbc:mysql://localhost:3306/db_school?useUnicode=true&useSSL=false&characterEncoding=utf8
[INFO] [14:57:59.793] [JavaFX Application Thread] [] com.zzg.mybatis.generator.util.DbUtil.getConnection:133 --> getConnection, connection url: com.mysql.jdbc.JDBC4Connection@19a8b55e
[INFO] [14:59:12.748] [JavaFX Application Thread] [] com.zzg.mybatis.generator.util.ConfigHelper.findConnectorLibPath:215 --> jar resource: file:/C:/Users/Administrator/IdeaProjects/mybatis-generator-gui/target/classes/logback.xml
[INFO] [14:59:12.750] [JavaFX Application Thread] [] com.zzg.mybatis.generator.bridge.MybatisGeneratorBridge.generate:66 --> connectorLibPath: C:\Users\Administrator\IdeaProjects\mybatis-generator-gui\target\classes\lib\mysql-connector-java-5.1.38.jar
[INFO] [14:59:12.753] [JavaFX Application Thread] [] com.zzg.mybatis.generator.util.DbUtil.getConnectionUrlWithSchema:208 --> getConnectionUrlWithSchema, connection url: jdbc:mysql://localhost:3306/db_school?useUnicode=true&useSSL=false&characterEncoding=utf8
[DEBUG] [14:59:12.798] [JavaFX Application Thread] [] org.mybatis.generator.logging.LogFactory.setImplementation:105 --> Logging initialized using 'org.mybatis.generator.logging.slf4j.Slf4jLoggingLogFactory@293c9074' adapter.
[DEBUG] [14:59:12.801] [JavaFX Application Thread] [] org.mybatis.generator.internal.db.DatabaseIntrospector.getColumns:506 --> Retrieving column information for table "db_school.tb_course_info"
[DEBUG] [14:59:12.814] [JavaFX Application Thread] [] org.mybatis.generator.internal.db.DatabaseIntrospector.getColumns:563 --> Found column "csi_id", data type 12, in table "db_school..tb_course_info"
[DEBUG] [14:59:12.814] [JavaFX Application Thread] [] org.mybatis.generator.internal.db.DatabaseIntrospector.getColumns:563 --> Found column "scc_code", data type 12, in table "db_school..tb_course_info"
[DEBUG] [14:59:12.815] [JavaFX Application Thread] [] org.mybatis.generator.internal.db.DatabaseIntrospector.getColumns:563 --> Found column "sti_id", data type 12, in table "db_school..tb_course_info"
[DEBUG] [14:59:12.815] [JavaFX Application Thread] [] org.mybatis.generator.internal.db.DatabaseIntrospector.getColumns:563 --> Found column "csi_grade", data type 12, in table "db_school..tb_course_info"
[DEBUG] [14:59:12.815] [JavaFX Application Thread] [] org.mybatis.generator.internal.db.DatabaseIntrospector.getColumns:563 --> Found column "csi_exam_type", data type 12, in table "db_school..tb_course_info"
[DEBUG] [14:59:12.815] [JavaFX Application Thread] [] org.mybatis.generator.internal.db.DatabaseIntrospector.getColumns:563 --> Found column "csi_exam_date", data type 93, in table "db_school..tb_course_info"
[DEBUG] [14:59:12.815] [JavaFX Application Thread] [] org.mybatis.generator.internal.db.DatabaseIntrospector.getColumns:563 --> Found column "csi_czy", data type 12, in table "db_school..tb_course_info"
