[INFO] [07:47:40.909] [JavaFX Application Thread] [] com.zzg.mybatis.generator.util.ConnectionManager.getConnection:20 --> database FilePath :C:\Users\Administrator\IdeaProjects\mybatis-generator-gui\.\config\sqlite3.db
[INFO] [07:47:44.276] [JavaFX Application Thread] [] com.zzg.mybatis.generator.util.ConfigHelper.getAllJDBCDriverJarPaths:238 --> jar lib path: C:\Users\Administrator\IdeaProjects\mybatis-generator-gui\src\main\resources\lib
[INFO] [07:47:44.277] [JavaFX Application Thread] [] com.zzg.mybatis.generator.util.ConfigHelper.getAllJDBCDriverJarPaths:242 --> jar file: C:\Users\Administrator\IdeaProjects\mybatis-generator-gui\src\main\resources\lib\mysql-connector-java-5.1.38.jar
[INFO] [07:47:44.284] [JavaFX Application Thread] [] com.zzg.mybatis.generator.util.ConfigHelper.getAllJDBCDriverJarPaths:242 --> jar file: C:\Users\Administrator\IdeaProjects\mybatis-generator-gui\src\main\resources\lib\mysql-connector-java-8.0.11.jar
[INFO] [07:47:44.285] [JavaFX Application Thread] [] com.zzg.mybatis.generator.util.ConfigHelper.getAllJDBCDriverJarPaths:242 --> jar file: C:\Users\Administrator\IdeaProjects\mybatis-generator-gui\src\main\resources\lib\ojdbc6.jar
[INFO] [07:47:44.285] [JavaFX Application Thread] [] com.zzg.mybatis.generator.util.ConfigHelper.getAllJDBCDriverJarPaths:242 --> jar file: C:\Users\Administrator\IdeaProjects\mybatis-generator-gui\src\main\resources\lib\postgresql-9.4.1209.jar
[INFO] [07:47:44.285] [JavaFX Application Thread] [] com.zzg.mybatis.generator.util.ConfigHelper.getAllJDBCDriverJarPaths:242 --> jar file: C:\Users\Administrator\IdeaProjects\mybatis-generator-gui\src\main\resources\lib\sqlite-jdbc-3.19.3.jar
[INFO] [07:47:44.286] [JavaFX Application Thread] [] com.zzg.mybatis.generator.util.ConfigHelper.getAllJDBCDriverJarPaths:242 --> jar file: C:\Users\Administrator\IdeaProjects\mybatis-generator-gui\src\main\resources\lib\sqljdbc4-4.0.jar
[INFO] [07:47:44.294] [JavaFX Application Thread] [] com.zzg.mybatis.generator.util.DbUtil.loadDbDriver:222 --> load driver class: com.mysql.cj.jdbc.Driver@7333f578
[INFO] [07:47:44.294] [JavaFX Application Thread] [] com.zzg.mybatis.generator.util.DbUtil.getConnectionUrlWithSchema:208 --> getConnectionUrlWithSchema, connection url: jdbc:mysql://localhost:3306/db_project?serverTimezone=UTC&useUnicode=true&useSSL=false&characterEncoding=utf8
[ERROR] [07:47:44.414] [JavaFX Application Thread] [] com.zzg.mybatis.generator.controller.MainUIController.lambda$null$7:209 --> Public Key Retrieval is not allowed
java.sql.SQLNonTransientConnectionException: Public Key Retrieval is not allowed
	at com.mysql.cj.jdbc.exceptions.SQLError.createSQLException(SQLError.java:108) ~[na:na]
	at com.mysql.cj.jdbc.exceptions.SQLError.createSQLException(SQLError.java:95) ~[na:na]
	at com.mysql.cj.jdbc.exceptions.SQLExceptionsMapping.translateException(SQLExceptionsMapping.java:122) ~[na:na]
	at com.mysql.cj.jdbc.ConnectionImpl.createNewIO(ConnectionImpl.java:862) ~[na:na]
	at com.mysql.cj.jdbc.ConnectionImpl.<init>(ConnectionImpl.java:444) ~[na:na]
	at com.mysql.cj.jdbc.ConnectionImpl.getInstance(ConnectionImpl.java:230) ~[na:na]
	at com.mysql.cj.jdbc.NonRegisteringDriver.connect(NonRegisteringDriver.java:226) ~[na:na]
	at com.zzg.mybatis.generator.util.DbUtil.getConnection(DbUtil.java:132) ~[classes/:na]
	at com.zzg.mybatis.generator.util.DbUtil.getTableNames(DbUtil.java:140) ~[classes/:na]
	at com.zzg.mybatis.generator.controller.MainUIController.lambda$null$7(MainUIController.java:191) ~[classes/:na]
	at com.sun.javafx.event.CompositeEventHandler$NormalEventHandlerRecord.handleBubblingEvent(CompositeEventHandler.java:218) ~[jfxrt.jar:na]
	at com.sun.javafx.event.CompositeEventHandler.dispatchBubblingEvent(CompositeEventHandler.java:80) ~[jfxrt.jar:na]
	at com.sun.javafx.event.EventHandlerManager.dispatchBubblingEvent(EventHandlerManager.java:238) ~[jfxrt.jar:na]
	at com.sun.javafx.event.EventHandlerManager.dispatchBubblingEvent(EventHandlerManager.java:191) ~[jfxrt.jar:na]
	at com.sun.javafx.event.CompositeEventDispatcher.dispatchBubblingEvent(CompositeEventDispatcher.java:59) ~[jfxrt.jar:na]
	at com.sun.javafx.event.BasicEventDispatcher.dispatchEvent(BasicEventDispatcher.java:58) ~[jfxrt.jar:na]
	at com.sun.javafx.event.EventDispatchChainImpl.dispatchEvent(EventDispatchChainImpl.java:114) ~[jfxrt.jar:na]
	at com.sun.javafx.event.BasicEventDispatcher.dispatchEvent(BasicEventDispatcher.java:56) ~[jfxrt.jar:na]
	at com.sun.javafx.event.EventDispatchChainImpl.dispatchEvent(EventDispatchChainImpl.java:114) ~[jfxrt.jar:na]
	at com.sun.javafx.event.BasicEventDispatcher.dispatchEvent(BasicEventDispatcher.java:56) ~[jfxrt.jar:na]
	at com.sun.javafx.event.EventDispatchChainImpl.dispatchEvent(EventDispatchChainImpl.java:114) ~[jfxrt.jar:na]
	at com.sun.javafx.event.BasicEventDispatcher.dispatchEvent(BasicEventDispatcher.java:56) ~[jfxrt.jar:na]
	at com.sun.javafx.event.EventDispatchChainImpl.dispatchEvent(EventDispatchChainImpl.java:114) ~[jfxrt.jar:na]
	at com.sun.javafx.event.BasicEventDispatcher.dispatchEvent(BasicEventDispatcher.java:56) ~[jfxrt.jar:na]
	at com.sun.javafx.event.EventDispatchChainImpl.dispatchEvent(EventDispatchChainImpl.java:114) ~[jfxrt.jar:na]
	at com.sun.javafx.event.BasicEventDispatcher.dispatchEvent(BasicEventDispatcher.java:56) ~[jfxrt.jar:na]
	at com.sun.javafx.event.EventDispatchChainImpl.dispatchEvent(EventDispatchChainImpl.java:114) ~[jfxrt.jar:na]
	at com.sun.javafx.event.EventUtil.fireEventImpl(EventUtil.java:74) ~[jfxrt.jar:na]
	at com.sun.javafx.event.EventUtil.fireEvent(EventUtil.java:54) ~[jfxrt.jar:na]
	at javafx.event.Event.fireEvent(Event.java:198) ~[jfxrt.jar:na]
	at javafx.scene.Scene$ClickGenerator.postProcess(Scene.java:3470) ~[jfxrt.jar:na]
	at javafx.scene.Scene$ClickGenerator.access$8100(Scene.java:3398) ~[jfxrt.jar:na]
	at javafx.scene.Scene$MouseHandler.process(Scene.java:3766) ~[jfxrt.jar:na]
	at javafx.scene.Scene$MouseHandler.access$1500(Scene.java:3485) ~[jfxrt.jar:na]
	at javafx.scene.Scene.impl_processMouseEvent(Scene.java:1762) ~[jfxrt.jar:na]
	at javafx.scene.Scene$ScenePeerListener.mouseEvent(Scene.java:2494) ~[jfxrt.jar:na]
	at com.sun.javafx.tk.quantum.GlassViewEventHandler$MouseEventNotification.run(GlassViewEventHandler.java:394) ~[jfxrt.jar:na]
	at com.sun.javafx.tk.quantum.GlassViewEventHandler$MouseEventNotification.run(GlassViewEventHandler.java:295) ~[jfxrt.jar:na]
	at java.security.AccessController.doPrivileged(Native Method) ~[na:1.8.0_241]
	at com.sun.javafx.tk.quantum.GlassViewEventHandler.lambda$handleMouseEvent$2(GlassViewEventHandler.java:432) ~[jfxrt.jar:na]
	at com.sun.javafx.tk.quantum.QuantumToolkit.runWithoutRenderLock(QuantumToolkit.java:410) ~[jfxrt.jar:na]
	at com.sun.javafx.tk.quantum.GlassViewEventHandler.handleMouseEvent(GlassViewEventHandler.java:431) ~[jfxrt.jar:na]
	at com.sun.glass.ui.View.handleMouseEvent(View.java:555) ~[jfxrt.jar:na]
	at com.sun.glass.ui.View.notifyMouse(View.java:937) ~[jfxrt.jar:na]
	at com.sun.glass.ui.win.WinApplication._runLoop(Native Method) ~[jfxrt.jar:na]
	at com.sun.glass.ui.win.WinApplication.lambda$null$4(WinApplication.java:186) ~[jfxrt.jar:na]
	at java.lang.Thread.run(Thread.java:748) ~[na:1.8.0_241]
[INFO] [07:47:48.235] [JavaFX Application Thread] [] com.zzg.mybatis.generator.util.DbUtil.getConnectionUrlWithSchema:208 --> getConnectionUrlWithSchema, connection url: jdbc:mysql://localhost:3306/db_project?serverTimezone=UTC&useUnicode=true&useSSL=false&characterEncoding=utf8
[ERROR] [07:47:48.238] [JavaFX Application Thread] [] com.zzg.mybatis.generator.controller.MainUIController.lambda$null$7:209 --> Public Key Retrieval is not allowed
java.sql.SQLNonTransientConnectionException: Public Key Retrieval is not allowed
	at com.mysql.cj.jdbc.exceptions.SQLError.createSQLException(SQLError.java:108) ~[na:na]
	at com.mysql.cj.jdbc.exceptions.SQLError.createSQLException(SQLError.java:95) ~[na:na]
	at com.mysql.cj.jdbc.exceptions.SQLExceptionsMapping.translateException(SQLExceptionsMapping.java:122) ~[na:na]
	at com.mysql.cj.jdbc.ConnectionImpl.createNewIO(ConnectionImpl.java:862) ~[na:na]
	at com.mysql.cj.jdbc.ConnectionImpl.<init>(ConnectionImpl.java:444) ~[na:na]
	at com.mysql.cj.jdbc.ConnectionImpl.getInstance(ConnectionImpl.java:230) ~[na:na]
	at com.mysql.cj.jdbc.NonRegisteringDriver.connect(NonRegisteringDriver.java:226) ~[na:na]
	at com.zzg.mybatis.generator.util.DbUtil.getConnection(DbUtil.java:132) ~[classes/:na]
	at com.zzg.mybatis.generator.util.DbUtil.getTableNames(DbUtil.java:140) ~[classes/:na]
	at com.zzg.mybatis.generator.controller.MainUIController.lambda$null$7(MainUIController.java:191) ~[classes/:na]
	at com.sun.javafx.event.CompositeEventHandler$NormalEventHandlerRecord.handleBubblingEvent(CompositeEventHandler.java:218) ~[jfxrt.jar:na]
	at com.sun.javafx.event.CompositeEventHandler.dispatchBubblingEvent(CompositeEventHandler.java:80) ~[jfxrt.jar:na]
	at com.sun.javafx.event.EventHandlerManager.dispatchBubblingEvent(EventHandlerManager.java:238) ~[jfxrt.jar:na]
	at com.sun.javafx.event.EventHandlerManager.dispatchBubblingEvent(EventHandlerManager.java:191) ~[jfxrt.jar:na]
	at com.sun.javafx.event.CompositeEventDispatcher.dispatchBubblingEvent(CompositeEventDispatcher.java:59) ~[jfxrt.jar:na]
	at com.sun.javafx.event.BasicEventDispatcher.dispatchEvent(BasicEventDispatcher.java:58) ~[jfxrt.jar:na]
	at com.sun.javafx.event.EventDispatchChainImpl.dispatchEvent(EventDispatchChainImpl.java:114) ~[jfxrt.jar:na]
	at com.sun.javafx.event.BasicEventDispatcher.dispatchEvent(BasicEventDispatcher.java:56) ~[jfxrt.jar:na]
	at com.sun.javafx.event.EventDispatchChainImpl.dispatchEvent(EventDispatchChainImpl.java:114) ~[jfxrt.jar:na]
	at com.sun.javafx.event.BasicEventDispatcher.dispatchEvent(BasicEventDispatcher.java:56) ~[jfxrt.jar:na]
	at com.sun.javafx.event.EventDispatchChainImpl.dispatchEvent(EventDispatchChainImpl.java:114) ~[jfxrt.jar:na]
	at com.sun.javafx.event.BasicEventDispatcher.dispatchEvent(BasicEventDispatcher.java:56) ~[jfxrt.jar:na]
	at com.sun.javafx.event.EventDispatchChainImpl.dispatchEvent(EventDispatchChainImpl.java:114) ~[jfxrt.jar:na]
	at com.sun.javafx.event.BasicEventDispatcher.dispatchEvent(BasicEventDispatcher.java:56) ~[jfxrt.jar:na]
	at com.sun.javafx.event.EventDispatchChainImpl.dispatchEvent(EventDispatchChainImpl.java:114) ~[jfxrt.jar:na]
	at com.sun.javafx.event.BasicEventDispatcher.dispatchEvent(BasicEventDispatcher.java:56) ~[jfxrt.jar:na]
	at com.sun.javafx.event.EventDispatchChainImpl.dispatchEvent(EventDispatchChainImpl.java:114) ~[jfxrt.jar:na]
	at com.sun.javafx.event.EventUtil.fireEventImpl(EventUtil.java:74) ~[jfxrt.jar:na]
	at com.sun.javafx.event.EventUtil.fireEvent(EventUtil.java:54) ~[jfxrt.jar:na]
	at javafx.event.Event.fireEvent(Event.java:198) ~[jfxrt.jar:na]
	at javafx.scene.Scene$ClickGenerator.postProcess(Scene.java:3470) ~[jfxrt.jar:na]
	at javafx.scene.Scene$ClickGenerator.access$8100(Scene.java:3398) ~[jfxrt.jar:na]
	at javafx.scene.Scene$MouseHandler.process(Scene.java:3766) ~[jfxrt.jar:na]
	at javafx.scene.Scene$MouseHandler.access$1500(Scene.java:3485) ~[jfxrt.jar:na]
	at javafx.scene.Scene.impl_processMouseEvent(Scene.java:1762) ~[jfxrt.jar:na]
	at javafx.scene.Scene$ScenePeerListener.mouseEvent(Scene.java:2494) ~[jfxrt.jar:na]
	at com.sun.javafx.tk.quantum.GlassViewEventHandler$MouseEventNotification.run(GlassViewEventHandler.java:394) ~[jfxrt.jar:na]
	at com.sun.javafx.tk.quantum.GlassViewEventHandler$MouseEventNotification.run(GlassViewEventHandler.java:295) ~[jfxrt.jar:na]
	at java.security.AccessController.doPrivileged(Native Method) ~[na:1.8.0_241]
	at com.sun.javafx.tk.quantum.GlassViewEventHandler.lambda$handleMouseEvent$2(GlassViewEventHandler.java:432) ~[jfxrt.jar:na]
	at com.sun.javafx.tk.quantum.QuantumToolkit.runWithoutRenderLock(QuantumToolkit.java:410) ~[jfxrt.jar:na]
	at com.sun.javafx.tk.quantum.GlassViewEventHandler.handleMouseEvent(GlassViewEventHandler.java:431) ~[jfxrt.jar:na]
	at com.sun.glass.ui.View.handleMouseEvent(View.java:555) ~[jfxrt.jar:na]
	at com.sun.glass.ui.View.notifyMouse(View.java:937) ~[jfxrt.jar:na]
	at com.sun.glass.ui.win.WinApplication._runLoop(Native Method) ~[jfxrt.jar:na]
	at com.sun.glass.ui.win.WinApplication.lambda$null$4(WinApplication.java:186) ~[jfxrt.jar:na]
	at java.lang.Thread.run(Thread.java:748) ~[na:1.8.0_241]
[INFO] [07:47:50.651] [JavaFX Application Thread] [] com.zzg.mybatis.generator.util.DbUtil.getConnectionUrlWithSchema:208 --> getConnectionUrlWithSchema, connection url: jdbc:mysql://localhost:3306/db_finance?serverTimezone=UTC&useUnicode=true&useSSL=false&characterEncoding=utf8
[ERROR] [07:47:50.654] [JavaFX Application Thread] [] com.zzg.mybatis.generator.controller.MainUIController.lambda$null$7:209 --> Public Key Retrieval is not allowed
java.sql.SQLNonTransientConnectionException: Public Key Retrieval is not allowed
	at com.mysql.cj.jdbc.exceptions.SQLError.createSQLException(SQLError.java:108) ~[na:na]
	at com.mysql.cj.jdbc.exceptions.SQLError.createSQLException(SQLError.java:95) ~[na:na]
	at com.mysql.cj.jdbc.exceptions.SQLExceptionsMapping.translateException(SQLExceptionsMapping.java:122) ~[na:na]
	at com.mysql.cj.jdbc.ConnectionImpl.createNewIO(ConnectionImpl.java:862) ~[na:na]
	at com.mysql.cj.jdbc.ConnectionImpl.<init>(ConnectionImpl.java:444) ~[na:na]
	at com.mysql.cj.jdbc.ConnectionImpl.getInstance(ConnectionImpl.java:230) ~[na:na]
	at com.mysql.cj.jdbc.NonRegisteringDriver.connect(NonRegisteringDriver.java:226) ~[na:na]
	at com.zzg.mybatis.generator.util.DbUtil.getConnection(DbUtil.java:132) ~[classes/:na]
	at com.zzg.mybatis.generator.util.DbUtil.getTableNames(DbUtil.java:140) ~[classes/:na]
	at com.zzg.mybatis.generator.controller.MainUIController.lambda$null$7(MainUIController.java:191) ~[classes/:na]
	at com.sun.javafx.event.CompositeEventHandler$NormalEventHandlerRecord.handleBubblingEvent(CompositeEventHandler.java:218) ~[jfxrt.jar:na]
	at com.sun.javafx.event.CompositeEventHandler.dispatchBubblingEvent(CompositeEventHandler.java:80) ~[jfxrt.jar:na]
	at com.sun.javafx.event.EventHandlerManager.dispatchBubblingEvent(EventHandlerManager.java:238) ~[jfxrt.jar:na]
	at com.sun.javafx.event.EventHandlerManager.dispatchBubblingEvent(EventHandlerManager.java:191) ~[jfxrt.jar:na]
	at com.sun.javafx.event.CompositeEventDispatcher.dispatchBubblingEvent(CompositeEventDispatcher.java:59) ~[jfxrt.jar:na]
	at com.sun.javafx.event.BasicEventDispatcher.dispatchEvent(BasicEventDispatcher.java:58) ~[jfxrt.jar:na]
	at com.sun.javafx.event.EventDispatchChainImpl.dispatchEvent(EventDispatchChainImpl.java:114) ~[jfxrt.jar:na]
	at com.sun.javafx.event.BasicEventDispatcher.dispatchEvent(BasicEventDispatcher.java:56) ~[jfxrt.jar:na]
	at com.sun.javafx.event.EventDispatchChainImpl.dispatchEvent(EventDispatchChainImpl.java:114) ~[jfxrt.jar:na]
	at com.sun.javafx.event.BasicEventDispatcher.dispatchEvent(BasicEventDispatcher.java:56) ~[jfxrt.jar:na]
	at com.sun.javafx.event.EventDispatchChainImpl.dispatchEvent(EventDispatchChainImpl.java:114) ~[jfxrt.jar:na]
	at com.sun.javafx.event.BasicEventDispatcher.dispatchEvent(BasicEventDispatcher.java:56) ~[jfxrt.jar:na]
	at com.sun.javafx.event.EventDispatchChainImpl.dispatchEvent(EventDispatchChainImpl.java:114) ~[jfxrt.jar:na]
	at com.sun.javafx.event.BasicEventDispatcher.dispatchEvent(BasicEventDispatcher.java:56) ~[jfxrt.jar:na]
	at com.sun.javafx.event.EventDispatchChainImpl.dispatchEvent(EventDispatchChainImpl.java:114) ~[jfxrt.jar:na]
	at com.sun.javafx.event.BasicEventDispatcher.dispatchEvent(BasicEventDispatcher.java:56) ~[jfxrt.jar:na]
	at com.sun.javafx.event.EventDispatchChainImpl.dispatchEvent(EventDispatchChainImpl.java:114) ~[jfxrt.jar:na]
	at com.sun.javafx.event.EventUtil.fireEventImpl(EventUtil.java:74) ~[jfxrt.jar:na]
	at com.sun.javafx.event.EventUtil.fireEvent(EventUtil.java:54) ~[jfxrt.jar:na]
	at javafx.event.Event.fireEvent(Event.java:198) ~[jfxrt.jar:na]
	at javafx.scene.Scene$ClickGenerator.postProcess(Scene.java:3470) ~[jfxrt.jar:na]
	at javafx.scene.Scene$ClickGenerator.access$8100(Scene.java:3398) ~[jfxrt.jar:na]
	at javafx.scene.Scene$MouseHandler.process(Scene.java:3766) ~[jfxrt.jar:na]
	at javafx.scene.Scene$MouseHandler.access$1500(Scene.java:3485) ~[jfxrt.jar:na]
	at javafx.scene.Scene.impl_processMouseEvent(Scene.java:1762) ~[jfxrt.jar:na]
	at javafx.scene.Scene$ScenePeerListener.mouseEvent(Scene.java:2494) ~[jfxrt.jar:na]
	at com.sun.javafx.tk.quantum.GlassViewEventHandler$MouseEventNotification.run(GlassViewEventHandler.java:394) ~[jfxrt.jar:na]
	at com.sun.javafx.tk.quantum.GlassViewEventHandler$MouseEventNotification.run(GlassViewEventHandler.java:295) ~[jfxrt.jar:na]
	at java.security.AccessController.doPrivileged(Native Method) ~[na:1.8.0_241]
	at com.sun.javafx.tk.quantum.GlassViewEventHandler.lambda$handleMouseEvent$2(GlassViewEventHandler.java:432) ~[jfxrt.jar:na]
	at com.sun.javafx.tk.quantum.QuantumToolkit.runWithoutRenderLock(QuantumToolkit.java:410) ~[jfxrt.jar:na]
	at com.sun.javafx.tk.quantum.GlassViewEventHandler.handleMouseEvent(GlassViewEventHandler.java:431) ~[jfxrt.jar:na]
	at com.sun.glass.ui.View.handleMouseEvent(View.java:555) ~[jfxrt.jar:na]
	at com.sun.glass.ui.View.notifyMouse(View.java:937) ~[jfxrt.jar:na]
	at com.sun.glass.ui.win.WinApplication._runLoop(Native Method) ~[jfxrt.jar:na]
	at com.sun.glass.ui.win.WinApplication.lambda$null$4(WinApplication.java:186) ~[jfxrt.jar:na]
	at java.lang.Thread.run(Thread.java:748) ~[na:1.8.0_241]
[INFO] [07:47:53.259] [JavaFX Application Thread] [] com.zzg.mybatis.generator.util.DbUtil.getConnectionUrlWithSchema:208 --> getConnectionUrlWithSchema, connection url: jdbc:mysql://localhost:3306/db_webapp?serverTimezone=UTC&useUnicode=true&useSSL=false&characterEncoding=utf8
[ERROR] [07:47:53.262] [JavaFX Application Thread] [] com.zzg.mybatis.generator.controller.MainUIController.lambda$null$7:209 --> Public Key Retrieval is not allowed
java.sql.SQLNonTransientConnectionException: Public Key Retrieval is not allowed
	at com.mysql.cj.jdbc.exceptions.SQLError.createSQLException(SQLError.java:108) ~[na:na]
	at com.mysql.cj.jdbc.exceptions.SQLError.createSQLException(SQLError.java:95) ~[na:na]
	at com.mysql.cj.jdbc.exceptions.SQLExceptionsMapping.translateException(SQLExceptionsMapping.java:122) ~[na:na]
	at com.mysql.cj.jdbc.ConnectionImpl.createNewIO(ConnectionImpl.java:862) ~[na:na]
	at com.mysql.cj.jdbc.ConnectionImpl.<init>(ConnectionImpl.java:444) ~[na:na]
	at com.mysql.cj.jdbc.ConnectionImpl.getInstance(ConnectionImpl.java:230) ~[na:na]
	at com.mysql.cj.jdbc.NonRegisteringDriver.connect(NonRegisteringDriver.java:226) ~[na:na]
	at com.zzg.mybatis.generator.util.DbUtil.getConnection(DbUtil.java:132) ~[classes/:na]
	at com.zzg.mybatis.generator.util.DbUtil.getTableNames(DbUtil.java:140) ~[classes/:na]
	at com.zzg.mybatis.generator.controller.MainUIController.lambda$null$7(MainUIController.java:191) ~[classes/:na]
	at com.sun.javafx.event.CompositeEventHandler$NormalEventHandlerRecord.handleBubblingEvent(CompositeEventHandler.java:218) ~[jfxrt.jar:na]
	at com.sun.javafx.event.CompositeEventHandler.dispatchBubblingEvent(CompositeEventHandler.java:80) ~[jfxrt.jar:na]
	at com.sun.javafx.event.EventHandlerManager.dispatchBubblingEvent(EventHandlerManager.java:238) ~[jfxrt.jar:na]
	at com.sun.javafx.event.EventHandlerManager.dispatchBubblingEvent(EventHandlerManager.java:191) ~[jfxrt.jar:na]
	at com.sun.javafx.event.CompositeEventDispatcher.dispatchBubblingEvent(CompositeEventDispatcher.java:59) ~[jfxrt.jar:na]
	at com.sun.javafx.event.BasicEventDispatcher.dispatchEvent(BasicEventDispatcher.java:58) ~[jfxrt.jar:na]
	at com.sun.javafx.event.EventDispatchChainImpl.dispatchEvent(EventDispatchChainImpl.java:114) ~[jfxrt.jar:na]
	at com.sun.javafx.event.BasicEventDispatcher.dispatchEvent(BasicEventDispatcher.java:56) ~[jfxrt.jar:na]
	at com.sun.javafx.event.EventDispatchChainImpl.dispatchEvent(EventDispatchChainImpl.java:114) ~[jfxrt.jar:na]
	at com.sun.javafx.event.BasicEventDispatcher.dispatchEvent(BasicEventDispatcher.java:56) ~[jfxrt.jar:na]
	at com.sun.javafx.event.EventDispatchChainImpl.dispatchEvent(EventDispatchChainImpl.java:114) ~[jfxrt.jar:na]
	at com.sun.javafx.event.BasicEventDispatcher.dispatchEvent(BasicEventDispatcher.java:56) ~[jfxrt.jar:na]
	at com.sun.javafx.event.EventDispatchChainImpl.dispatchEvent(EventDispatchChainImpl.java:114) ~[jfxrt.jar:na]
	at com.sun.javafx.event.BasicEventDispatcher.dispatchEvent(BasicEventDispatcher.java:56) ~[jfxrt.jar:na]
	at com.sun.javafx.event.EventDispatchChainImpl.dispatchEvent(EventDispatchChainImpl.java:114) ~[jfxrt.jar:na]
	at com.sun.javafx.event.BasicEventDispatcher.dispatchEvent(BasicEventDispatcher.java:56) ~[jfxrt.jar:na]
	at com.sun.javafx.event.EventDispatchChainImpl.dispatchEvent(EventDispatchChainImpl.java:114) ~[jfxrt.jar:na]
	at com.sun.javafx.event.EventUtil.fireEventImpl(EventUtil.java:74) ~[jfxrt.jar:na]
	at com.sun.javafx.event.EventUtil.fireEvent(EventUtil.java:54) ~[jfxrt.jar:na]
	at javafx.event.Event.fireEvent(Event.java:198) ~[jfxrt.jar:na]
	at javafx.scene.Scene$ClickGenerator.postProcess(Scene.java:3470) ~[jfxrt.jar:na]
	at javafx.scene.Scene$ClickGenerator.access$8100(Scene.java:3398) ~[jfxrt.jar:na]
	at javafx.scene.Scene$MouseHandler.process(Scene.java:3766) ~[jfxrt.jar:na]
	at javafx.scene.Scene$MouseHandler.access$1500(Scene.java:3485) ~[jfxrt.jar:na]
	at javafx.scene.Scene.impl_processMouseEvent(Scene.java:1762) ~[jfxrt.jar:na]
	at javafx.scene.Scene$ScenePeerListener.mouseEvent(Scene.java:2494) ~[jfxrt.jar:na]
	at com.sun.javafx.tk.quantum.GlassViewEventHandler$MouseEventNotification.run(GlassViewEventHandler.java:394) ~[jfxrt.jar:na]
	at com.sun.javafx.tk.quantum.GlassViewEventHandler$MouseEventNotification.run(GlassViewEventHandler.java:295) ~[jfxrt.jar:na]
	at java.security.AccessController.doPrivileged(Native Method) ~[na:1.8.0_241]
	at com.sun.javafx.tk.quantum.GlassViewEventHandler.lambda$handleMouseEvent$2(GlassViewEventHandler.java:432) ~[jfxrt.jar:na]
	at com.sun.javafx.tk.quantum.QuantumToolkit.runWithoutRenderLock(QuantumToolkit.java:410) ~[jfxrt.jar:na]
	at com.sun.javafx.tk.quantum.GlassViewEventHandler.handleMouseEvent(GlassViewEventHandler.java:431) ~[jfxrt.jar:na]
	at com.sun.glass.ui.View.handleMouseEvent(View.java:555) ~[jfxrt.jar:na]
	at com.sun.glass.ui.View.notifyMouse(View.java:937) ~[jfxrt.jar:na]
	at com.sun.glass.ui.win.WinApplication._runLoop(Native Method) ~[jfxrt.jar:na]
	at com.sun.glass.ui.win.WinApplication.lambda$null$4(WinApplication.java:186) ~[jfxrt.jar:na]
	at java.lang.Thread.run(Thread.java:748) ~[na:1.8.0_241]
[INFO] [07:47:58.643] [JavaFX Application Thread] [] com.zzg.mybatis.generator.util.DbUtil.getConnectionUrlWithSchema:208 --> getConnectionUrlWithSchema, connection url: jdbc:mysql://localhost:3306/db_school?serverTimezone=UTC&useUnicode=true&useSSL=false&characterEncoding=utf8
[ERROR] [07:47:58.646] [JavaFX Application Thread] [] com.zzg.mybatis.generator.controller.MainUIController.lambda$null$7:209 --> Public Key Retrieval is not allowed
java.sql.SQLNonTransientConnectionException: Public Key Retrieval is not allowed
	at com.mysql.cj.jdbc.exceptions.SQLError.createSQLException(SQLError.java:108) ~[na:na]
	at com.mysql.cj.jdbc.exceptions.SQLError.createSQLException(SQLError.java:95) ~[na:na]
	at com.mysql.cj.jdbc.exceptions.SQLExceptionsMapping.translateException(SQLExceptionsMapping.java:122) ~[na:na]
	at com.mysql.cj.jdbc.ConnectionImpl.createNewIO(ConnectionImpl.java:862) ~[na:na]
	at com.mysql.cj.jdbc.ConnectionImpl.<init>(ConnectionImpl.java:444) ~[na:na]
	at com.mysql.cj.jdbc.ConnectionImpl.getInstance(ConnectionImpl.java:230) ~[na:na]
	at com.mysql.cj.jdbc.NonRegisteringDriver.connect(NonRegisteringDriver.java:226) ~[na:na]
	at com.zzg.mybatis.generator.util.DbUtil.getConnection(DbUtil.java:132) ~[classes/:na]
	at com.zzg.mybatis.generator.util.DbUtil.getTableNames(DbUtil.java:140) ~[classes/:na]
	at com.zzg.mybatis.generator.controller.MainUIController.lambda$null$7(MainUIController.java:191) ~[classes/:na]
	at com.sun.javafx.event.CompositeEventHandler$NormalEventHandlerRecord.handleBubblingEvent(CompositeEventHandler.java:218) ~[jfxrt.jar:na]
	at com.sun.javafx.event.CompositeEventHandler.dispatchBubblingEvent(CompositeEventHandler.java:80) ~[jfxrt.jar:na]
	at com.sun.javafx.event.EventHandlerManager.dispatchBubblingEvent(EventHandlerManager.java:238) ~[jfxrt.jar:na]
	at com.sun.javafx.event.EventHandlerManager.dispatchBubblingEvent(EventHandlerManager.java:191) ~[jfxrt.jar:na]
	at com.sun.javafx.event.CompositeEventDispatcher.dispatchBubblingEvent(CompositeEventDispatcher.java:59) ~[jfxrt.jar:na]
	at com.sun.javafx.event.BasicEventDispatcher.dispatchEvent(BasicEventDispatcher.java:58) ~[jfxrt.jar:na]
	at com.sun.javafx.event.EventDispatchChainImpl.dispatchEvent(EventDispatchChainImpl.java:114) ~[jfxrt.jar:na]
	at com.sun.javafx.event.BasicEventDispatcher.dispatchEvent(BasicEventDispatcher.java:56) ~[jfxrt.jar:na]
	at com.sun.javafx.event.EventDispatchChainImpl.dispatchEvent(EventDispatchChainImpl.java:114) ~[jfxrt.jar:na]
	at com.sun.javafx.event.BasicEventDispatcher.dispatchEvent(BasicEventDispatcher.java:56) ~[jfxrt.jar:na]
	at com.sun.javafx.event.EventDispatchChainImpl.dispatchEvent(EventDispatchChainImpl.java:114) ~[jfxrt.jar:na]
	at com.sun.javafx.event.BasicEventDispatcher.dispatchEvent(BasicEventDispatcher.java:56) ~[jfxrt.jar:na]
	at com.sun.javafx.event.EventDispatchChainImpl.dispatchEvent(EventDispatchChainImpl.java:114) ~[jfxrt.jar:na]
	at com.sun.javafx.event.BasicEventDispatcher.dispatchEvent(BasicEventDispatcher.java:56) ~[jfxrt.jar:na]
	at com.sun.javafx.event.EventDispatchChainImpl.dispatchEvent(EventDispatchChainImpl.java:114) ~[jfxrt.jar:na]
	at com.sun.javafx.event.BasicEventDispatcher.dispatchEvent(BasicEventDispatcher.java:56) ~[jfxrt.jar:na]
	at com.sun.javafx.event.EventDispatchChainImpl.dispatchEvent(EventDispatchChainImpl.java:114) ~[jfxrt.jar:na]
	at com.sun.javafx.event.EventUtil.fireEventImpl(EventUtil.java:74) ~[jfxrt.jar:na]
	at com.sun.javafx.event.EventUtil.fireEvent(EventUtil.java:54) ~[jfxrt.jar:na]
	at javafx.event.Event.fireEvent(Event.java:198) ~[jfxrt.jar:na]
	at javafx.scene.Scene$ClickGenerator.postProcess(Scene.java:3470) ~[jfxrt.jar:na]
	at javafx.scene.Scene$ClickGenerator.access$8100(Scene.java:3398) ~[jfxrt.jar:na]
	at javafx.scene.Scene$MouseHandler.process(Scene.java:3766) ~[jfxrt.jar:na]
	at javafx.scene.Scene$MouseHandler.access$1500(Scene.java:3485) ~[jfxrt.jar:na]
	at javafx.scene.Scene.impl_processMouseEvent(Scene.java:1762) ~[jfxrt.jar:na]
	at javafx.scene.Scene$ScenePeerListener.mouseEvent(Scene.java:2494) ~[jfxrt.jar:na]
	at com.sun.javafx.tk.quantum.GlassViewEventHandler$MouseEventNotification.run(GlassViewEventHandler.java:394) ~[jfxrt.jar:na]
	at com.sun.javafx.tk.quantum.GlassViewEventHandler$MouseEventNotification.run(GlassViewEventHandler.java:295) ~[jfxrt.jar:na]
	at java.security.AccessController.doPrivileged(Native Method) ~[na:1.8.0_241]
	at com.sun.javafx.tk.quantum.GlassViewEventHandler.lambda$handleMouseEvent$2(GlassViewEventHandler.java:432) ~[jfxrt.jar:na]
	at com.sun.javafx.tk.quantum.QuantumToolkit.runWithoutRenderLock(QuantumToolkit.java:410) ~[jfxrt.jar:na]
	at com.sun.javafx.tk.quantum.GlassViewEventHandler.handleMouseEvent(GlassViewEventHandler.java:431) ~[jfxrt.jar:na]
	at com.sun.glass.ui.View.handleMouseEvent(View.java:555) ~[jfxrt.jar:na]
	at com.sun.glass.ui.View.notifyMouse(View.java:937) ~[jfxrt.jar:na]
	at com.sun.glass.ui.win.WinApplication._runLoop(Native Method) ~[jfxrt.jar:na]
	at com.sun.glass.ui.win.WinApplication.lambda$null$4(WinApplication.java:186) ~[jfxrt.jar:na]
	at java.lang.Thread.run(Thread.java:748) ~[na:1.8.0_241]
[INFO] [07:48:09.322] [JavaFX Application Thread] [] com.zzg.mybatis.generator.util.DbUtil.getConnectionUrlWithSchema:208 --> getConnectionUrlWithSchema, connection url: jdbc:mysql://localhost:3306/db_webapp?serverTimezone=UTC&useUnicode=true&useSSL=false&characterEncoding=utf8
[ERROR] [07:48:09.326] [JavaFX Application Thread] [] com.zzg.mybatis.generator.controller.TabPaneController.testConnection:159 --> Public Key Retrieval is not allowed
java.sql.SQLNonTransientConnectionException: Public Key Retrieval is not allowed
	at com.mysql.cj.jdbc.exceptions.SQLError.createSQLException(SQLError.java:108) ~[na:na]
	at com.mysql.cj.jdbc.exceptions.SQLError.createSQLException(SQLError.java:95) ~[na:na]
	at com.mysql.cj.jdbc.exceptions.SQLExceptionsMapping.translateException(SQLExceptionsMapping.java:122) ~[na:na]
	at com.mysql.cj.jdbc.ConnectionImpl.createNewIO(ConnectionImpl.java:862) ~[na:na]
	at com.mysql.cj.jdbc.ConnectionImpl.<init>(ConnectionImpl.java:444) ~[na:na]
	at com.mysql.cj.jdbc.ConnectionImpl.getInstance(ConnectionImpl.java:230) ~[na:na]
	at com.mysql.cj.jdbc.NonRegisteringDriver.connect(NonRegisteringDriver.java:226) ~[na:na]
	at com.zzg.mybatis.generator.util.DbUtil.getConnection(DbUtil.java:132) ~[classes/:na]
	at com.zzg.mybatis.generator.controller.TabPaneController.testConnection(TabPaneController.java:153) ~[classes/:na]
	at sun.reflect.NativeMethodAccessorImpl.invoke0(Native Method) ~[na:1.8.0_241]
	at sun.reflect.NativeMethodAccessorImpl.invoke(NativeMethodAccessorImpl.java:62) ~[na:1.8.0_241]
	at sun.reflect.DelegatingMethodAccessorImpl.invoke(DelegatingMethodAccessorImpl.java:43) ~[na:1.8.0_241]
	at java.lang.reflect.Method.invoke(Method.java:498) ~[na:1.8.0_241]
	at sun.reflect.misc.Trampoline.invoke(MethodUtil.java:71) [na:1.8.0_241]
	at sun.reflect.GeneratedMethodAccessor1.invoke(Unknown Source) ~[na:na]
	at sun.reflect.DelegatingMethodAccessorImpl.invoke(DelegatingMethodAccessorImpl.java:43) ~[na:1.8.0_241]
	at java.lang.reflect.Method.invoke(Method.java:498) ~[na:1.8.0_241]
	at sun.reflect.misc.MethodUtil.invoke(MethodUtil.java:275) [na:1.8.0_241]
	at javafx.fxml.FXMLLoader$MethodHandler.invoke(FXMLLoader.java:1771) [jfxrt.jar:na]
	at javafx.fxml.FXMLLoader$ControllerMethodEventHandler.handle(FXMLLoader.java:1657) [jfxrt.jar:na]
	at com.sun.javafx.event.CompositeEventHandler.dispatchBubblingEvent(CompositeEventHandler.java:86) [jfxrt.jar:na]
	at com.sun.javafx.event.EventHandlerManager.dispatchBubblingEvent(EventHandlerManager.java:238) [jfxrt.jar:na]
	at com.sun.javafx.event.EventHandlerManager.dispatchBubblingEvent(EventHandlerManager.java:191) [jfxrt.jar:na]
	at com.sun.javafx.event.CompositeEventDispatcher.dispatchBubblingEvent(CompositeEventDispatcher.java:59) [jfxrt.jar:na]
	at com.sun.javafx.event.BasicEventDispatcher.dispatchEvent(BasicEventDispatcher.java:58) [jfxrt.jar:na]
	at com.sun.javafx.event.EventDispatchChainImpl.dispatchEvent(EventDispatchChainImpl.java:114) [jfxrt.jar:na]
	at com.sun.javafx.event.BasicEventDispatcher.dispatchEvent(BasicEventDispatcher.java:56) [jfxrt.jar:na]
	at com.sun.javafx.event.EventDispatchChainImpl.dispatchEvent(EventDispatchChainImpl.java:114) [jfxrt.jar:na]
	at com.sun.javafx.event.BasicEventDispatcher.dispatchEvent(BasicEventDispatcher.java:56) [jfxrt.jar:na]
	at com.sun.javafx.event.EventDispatchChainImpl.dispatchEvent(EventDispatchChainImpl.java:114) [jfxrt.jar:na]
	at com.sun.javafx.event.EventUtil.fireEventImpl(EventUtil.java:74) [jfxrt.jar:na]
	at com.sun.javafx.event.EventUtil.fireEvent(EventUtil.java:49) [jfxrt.jar:na]
	at javafx.event.Event.fireEvent(Event.java:198) [jfxrt.jar:na]
	at javafx.scene.Node.fireEvent(Node.java:8411) [jfxrt.jar:na]
	at javafx.scene.control.Button.fire(Button.java:185) [jfxrt.jar:na]
	at com.sun.javafx.scene.control.behavior.ButtonBehavior.mouseReleased(ButtonBehavior.java:182) [jfxrt.jar:na]
	at com.sun.javafx.scene.control.skin.BehaviorSkinBase$1.handle(BehaviorSkinBase.java:96) [jfxrt.jar:na]
	at com.sun.javafx.scene.control.skin.BehaviorSkinBase$1.handle(BehaviorSkinBase.java:89) [jfxrt.jar:na]
	at com.sun.javafx.event.CompositeEventHandler$NormalEventHandlerRecord.handleBubblingEvent(CompositeEventHandler.java:218) [jfxrt.jar:na]
	at com.sun.javafx.event.CompositeEventHandler.dispatchBubblingEvent(CompositeEventHandler.java:80) [jfxrt.jar:na]
	at com.sun.javafx.event.EventHandlerManager.dispatchBubblingEvent(EventHandlerManager.java:238) [jfxrt.jar:na]
	at com.sun.javafx.event.EventHandlerManager.dispatchBubblingEvent(EventHandlerManager.java:191) [jfxrt.jar:na]
	at com.sun.javafx.event.CompositeEventDispatcher.dispatchBubblingEvent(CompositeEventDispatcher.java:59) [jfxrt.jar:na]
	at com.sun.javafx.event.BasicEventDispatcher.dispatchEvent(BasicEventDispatcher.java:58) [jfxrt.jar:na]
	at com.sun.javafx.event.EventDispatchChainImpl.dispatchEvent(EventDispatchChainImpl.java:114) [jfxrt.jar:na]
	at com.sun.javafx.event.BasicEventDispatcher.dispatchEvent(BasicEventDispatcher.java:56) [jfxrt.jar:na]
	at com.sun.javafx.event.EventDispatchChainImpl.dispatchEvent(EventDispatchChainImpl.java:114) [jfxrt.jar:na]
	at com.sun.javafx.event.BasicEventDispatcher.dispatchEvent(BasicEventDispatcher.java:56) [jfxrt.jar:na]
	at com.sun.javafx.event.EventDispatchChainImpl.dispatchEvent(EventDispatchChainImpl.java:114) [jfxrt.jar:na]
	at com.sun.javafx.event.EventUtil.fireEventImpl(EventUtil.java:74) [jfxrt.jar:na]
	at com.sun.javafx.event.EventUtil.fireEvent(EventUtil.java:54) [jfxrt.jar:na]
	at javafx.event.Event.fireEvent(Event.java:198) [jfxrt.jar:na]
	at javafx.scene.Scene$MouseHandler.process(Scene.java:3757) [jfxrt.jar:na]
	at javafx.scene.Scene$MouseHandler.access$1500(Scene.java:3485) [jfxrt.jar:na]
	at javafx.scene.Scene.impl_processMouseEvent(Scene.java:1762) [jfxrt.jar:na]
	at javafx.scene.Scene$ScenePeerListener.mouseEvent(Scene.java:2494) [jfxrt.jar:na]
	at com.sun.javafx.tk.quantum.GlassViewEventHandler$MouseEventNotification.run(GlassViewEventHandler.java:394) [jfxrt.jar:na]
	at com.sun.javafx.tk.quantum.GlassViewEventHandler$MouseEventNotification.run(GlassViewEventHandler.java:295) [jfxrt.jar:na]
	at java.security.AccessController.doPrivileged(Native Method) [na:1.8.0_241]
	at com.sun.javafx.tk.quantum.GlassViewEventHandler.lambda$handleMouseEvent$2(GlassViewEventHandler.java:432) [jfxrt.jar:na]
	at com.sun.javafx.tk.quantum.QuantumToolkit.runWithoutRenderLock(QuantumToolkit.java:410) ~[jfxrt.jar:na]
	at com.sun.javafx.tk.quantum.GlassViewEventHandler.handleMouseEvent(GlassViewEventHandler.java:431) [jfxrt.jar:na]
	at com.sun.glass.ui.View.handleMouseEvent(View.java:555) ~[jfxrt.jar:na]
	at com.sun.glass.ui.View.notifyMouse(View.java:937) ~[jfxrt.jar:na]
	at com.sun.glass.ui.win.WinApplication._runLoop(Native Method) ~[jfxrt.jar:na]
	at com.sun.glass.ui.win.WinApplication.lambda$null$4(WinApplication.java:186) ~[jfxrt.jar:na]
	at java.lang.Thread.run(Thread.java:748) ~[na:1.8.0_241]
[INFO] [07:48:12.562] [JavaFX Application Thread] [] com.zzg.mybatis.generator.util.DbUtil.getConnectionUrlWithSchema:208 --> getConnectionUrlWithSchema, connection url: jdbc:mysql://localhost:3306/db_webapp?serverTimezone=UTC&useUnicode=true&useSSL=false&characterEncoding=utf8
[ERROR] [07:48:12.566] [JavaFX Application Thread] [] com.zzg.mybatis.generator.controller.TabPaneController.testConnection:159 --> Public Key Retrieval is not allowed
java.sql.SQLNonTransientConnectionException: Public Key Retrieval is not allowed
	at com.mysql.cj.jdbc.exceptions.SQLError.createSQLException(SQLError.java:108) ~[na:na]
	at com.mysql.cj.jdbc.exceptions.SQLError.createSQLException(SQLError.java:95) ~[na:na]
	at com.mysql.cj.jdbc.exceptions.SQLExceptionsMapping.translateException(SQLExceptionsMapping.java:122) ~[na:na]
	at com.mysql.cj.jdbc.ConnectionImpl.createNewIO(ConnectionImpl.java:862) ~[na:na]
	at com.mysql.cj.jdbc.ConnectionImpl.<init>(ConnectionImpl.java:444) ~[na:na]
	at com.mysql.cj.jdbc.ConnectionImpl.getInstance(ConnectionImpl.java:230) ~[na:na]
	at com.mysql.cj.jdbc.NonRegisteringDriver.connect(NonRegisteringDriver.java:226) ~[na:na]
	at com.zzg.mybatis.generator.util.DbUtil.getConnection(DbUtil.java:132) ~[classes/:na]
	at com.zzg.mybatis.generator.controller.TabPaneController.testConnection(TabPaneController.java:153) ~[classes/:na]
	at sun.reflect.NativeMethodAccessorImpl.invoke0(Native Method) ~[na:1.8.0_241]
	at sun.reflect.NativeMethodAccessorImpl.invoke(NativeMethodAccessorImpl.java:62) ~[na:1.8.0_241]
	at sun.reflect.DelegatingMethodAccessorImpl.invoke(DelegatingMethodAccessorImpl.java:43) ~[na:1.8.0_241]
	at java.lang.reflect.Method.invoke(Method.java:498) ~[na:1.8.0_241]
	at sun.reflect.misc.Trampoline.invoke(MethodUtil.java:71) [na:1.8.0_241]
	at sun.reflect.GeneratedMethodAccessor1.invoke(Unknown Source) ~[na:na]
	at sun.reflect.DelegatingMethodAccessorImpl.invoke(DelegatingMethodAccessorImpl.java:43) ~[na:1.8.0_241]
	at java.lang.reflect.Method.invoke(Method.java:498) ~[na:1.8.0_241]
	at sun.reflect.misc.MethodUtil.invoke(MethodUtil.java:275) [na:1.8.0_241]
	at javafx.fxml.FXMLLoader$MethodHandler.invoke(FXMLLoader.java:1771) [jfxrt.jar:na]
	at javafx.fxml.FXMLLoader$ControllerMethodEventHandler.handle(FXMLLoader.java:1657) [jfxrt.jar:na]
	at com.sun.javafx.event.CompositeEventHandler.dispatchBubblingEvent(CompositeEventHandler.java:86) [jfxrt.jar:na]
	at com.sun.javafx.event.EventHandlerManager.dispatchBubblingEvent(EventHandlerManager.java:238) [jfxrt.jar:na]
	at com.sun.javafx.event.EventHandlerManager.dispatchBubblingEvent(EventHandlerManager.java:191) [jfxrt.jar:na]
	at com.sun.javafx.event.CompositeEventDispatcher.dispatchBubblingEvent(CompositeEventDispatcher.java:59) [jfxrt.jar:na]
	at com.sun.javafx.event.BasicEventDispatcher.dispatchEvent(BasicEventDispatcher.java:58) [jfxrt.jar:na]
	at com.sun.javafx.event.EventDispatchChainImpl.dispatchEvent(EventDispatchChainImpl.java:114) [jfxrt.jar:na]
	at com.sun.javafx.event.BasicEventDispatcher.dispatchEvent(BasicEventDispatcher.java:56) [jfxrt.jar:na]
	at com.sun.javafx.event.EventDispatchChainImpl.dispatchEvent(EventDispatchChainImpl.java:114) [jfxrt.jar:na]
	at com.sun.javafx.event.BasicEventDispatcher.dispatchEvent(BasicEventDispatcher.java:56) [jfxrt.jar:na]
	at com.sun.javafx.event.EventDispatchChainImpl.dispatchEvent(EventDispatchChainImpl.java:114) [jfxrt.jar:na]
	at com.sun.javafx.event.EventUtil.fireEventImpl(EventUtil.java:74) [jfxrt.jar:na]
	at com.sun.javafx.event.EventUtil.fireEvent(EventUtil.java:49) [jfxrt.jar:na]
	at javafx.event.Event.fireEvent(Event.java:198) [jfxrt.jar:na]
	at javafx.scene.Node.fireEvent(Node.java:8411) [jfxrt.jar:na]
	at javafx.scene.control.Button.fire(Button.java:185) [jfxrt.jar:na]
	at com.sun.javafx.scene.control.behavior.ButtonBehavior.mouseReleased(ButtonBehavior.java:182) [jfxrt.jar:na]
	at com.sun.javafx.scene.control.skin.BehaviorSkinBase$1.handle(BehaviorSkinBase.java:96) [jfxrt.jar:na]
	at com.sun.javafx.scene.control.skin.BehaviorSkinBase$1.handle(BehaviorSkinBase.java:89) [jfxrt.jar:na]
	at com.sun.javafx.event.CompositeEventHandler$NormalEventHandlerRecord.handleBubblingEvent(CompositeEventHandler.java:218) [jfxrt.jar:na]
	at com.sun.javafx.event.CompositeEventHandler.dispatchBubblingEvent(CompositeEventHandler.java:80) [jfxrt.jar:na]
	at com.sun.javafx.event.EventHandlerManager.dispatchBubblingEvent(EventHandlerManager.java:238) [jfxrt.jar:na]
	at com.sun.javafx.event.EventHandlerManager.dispatchBubblingEvent(EventHandlerManager.java:191) [jfxrt.jar:na]
	at com.sun.javafx.event.CompositeEventDispatcher.dispatchBubblingEvent(CompositeEventDispatcher.java:59) [jfxrt.jar:na]
	at com.sun.javafx.event.BasicEventDispatcher.dispatchEvent(BasicEventDispatcher.java:58) [jfxrt.jar:na]
	at com.sun.javafx.event.EventDispatchChainImpl.dispatchEvent(EventDispatchChainImpl.java:114) [jfxrt.jar:na]
	at com.sun.javafx.event.BasicEventDispatcher.dispatchEvent(BasicEventDispatcher.java:56) [jfxrt.jar:na]
	at com.sun.javafx.event.EventDispatchChainImpl.dispatchEvent(EventDispatchChainImpl.java:114) [jfxrt.jar:na]
	at com.sun.javafx.event.BasicEventDispatcher.dispatchEvent(BasicEventDispatcher.java:56) [jfxrt.jar:na]
	at com.sun.javafx.event.EventDispatchChainImpl.dispatchEvent(EventDispatchChainImpl.java:114) [jfxrt.jar:na]
	at com.sun.javafx.event.EventUtil.fireEventImpl(EventUtil.java:74) [jfxrt.jar:na]
	at com.sun.javafx.event.EventUtil.fireEvent(EventUtil.java:54) [jfxrt.jar:na]
	at javafx.event.Event.fireEvent(Event.java:198) [jfxrt.jar:na]
	at javafx.scene.Scene$MouseHandler.process(Scene.java:3757) [jfxrt.jar:na]
	at javafx.scene.Scene$MouseHandler.access$1500(Scene.java:3485) [jfxrt.jar:na]
	at javafx.scene.Scene.impl_processMouseEvent(Scene.java:1762) [jfxrt.jar:na]
	at javafx.scene.Scene$ScenePeerListener.mouseEvent(Scene.java:2494) [jfxrt.jar:na]
	at com.sun.javafx.tk.quantum.GlassViewEventHandler$MouseEventNotification.run(GlassViewEventHandler.java:394) [jfxrt.jar:na]
	at com.sun.javafx.tk.quantum.GlassViewEventHandler$MouseEventNotification.run(GlassViewEventHandler.java:295) [jfxrt.jar:na]
	at java.security.AccessController.doPrivileged(Native Method) [na:1.8.0_241]
	at com.sun.javafx.tk.quantum.GlassViewEventHandler.lambda$handleMouseEvent$2(GlassViewEventHandler.java:432) [jfxrt.jar:na]
	at com.sun.javafx.tk.quantum.QuantumToolkit.runWithoutRenderLock(QuantumToolkit.java:410) ~[jfxrt.jar:na]
	at com.sun.javafx.tk.quantum.GlassViewEventHandler.handleMouseEvent(GlassViewEventHandler.java:431) [jfxrt.jar:na]
	at com.sun.glass.ui.View.handleMouseEvent(View.java:555) ~[jfxrt.jar:na]
	at com.sun.glass.ui.View.notifyMouse(View.java:937) ~[jfxrt.jar:na]
	at com.sun.glass.ui.win.WinApplication._runLoop(Native Method) ~[jfxrt.jar:na]
	at com.sun.glass.ui.win.WinApplication.lambda$null$4(WinApplication.java:186) ~[jfxrt.jar:na]
	at java.lang.Thread.run(Thread.java:748) ~[na:1.8.0_241]
[INFO] [07:48:54.037] [JavaFX Application Thread] [] com.zzg.mybatis.generator.util.ConnectionManager.getConnection:20 --> database FilePath :C:\Users\Administrator\IdeaProjects\mybatis-generator-gui\.\config\sqlite3.db
[INFO] [07:48:56.963] [JavaFX Application Thread] [] com.zzg.mybatis.generator.util.ConfigHelper.getAllJDBCDriverJarPaths:238 --> jar lib path: C:\Users\Administrator\IdeaProjects\mybatis-generator-gui\src\main\resources\lib
[INFO] [07:48:56.964] [JavaFX Application Thread] [] com.zzg.mybatis.generator.util.ConfigHelper.getAllJDBCDriverJarPaths:242 --> jar file: C:\Users\Administrator\IdeaProjects\mybatis-generator-gui\src\main\resources\lib\mysql-connector-java-5.1.38.jar
[INFO] [07:48:56.964] [JavaFX Application Thread] [] com.zzg.mybatis.generator.util.ConfigHelper.getAllJDBCDriverJarPaths:242 --> jar file: C:\Users\Administrator\IdeaProjects\mybatis-generator-gui\src\main\resources\lib\mysql-connector-java-8.0.11.jar
[INFO] [07:48:56.964] [JavaFX Application Thread] [] com.zzg.mybatis.generator.util.ConfigHelper.getAllJDBCDriverJarPaths:242 --> jar file: C:\Users\Administrator\IdeaProjects\mybatis-generator-gui\src\main\resources\lib\ojdbc6.jar
[INFO] [07:48:56.964] [JavaFX Application Thread] [] com.zzg.mybatis.generator.util.ConfigHelper.getAllJDBCDriverJarPaths:242 --> jar file: C:\Users\Administrator\IdeaProjects\mybatis-generator-gui\src\main\resources\lib\postgresql-9.4.1209.jar
[INFO] [07:48:56.964] [JavaFX Application Thread] [] com.zzg.mybatis.generator.util.ConfigHelper.getAllJDBCDriverJarPaths:242 --> jar file: C:\Users\Administrator\IdeaProjects\mybatis-generator-gui\src\main\resources\lib\sqlite-jdbc-3.19.3.jar
[INFO] [07:48:56.966] [JavaFX Application Thread] [] com.zzg.mybatis.generator.util.ConfigHelper.getAllJDBCDriverJarPaths:242 --> jar file: C:\Users\Administrator\IdeaProjects\mybatis-generator-gui\src\main\resources\lib\sqljdbc4-4.0.jar
[INFO] [07:48:56.973] [JavaFX Application Thread] [] com.zzg.mybatis.generator.util.DbUtil.loadDbDriver:222 --> load driver class: com.mysql.cj.jdbc.Driver@7333f578
[INFO] [07:48:56.974] [JavaFX Application Thread] [] com.zzg.mybatis.generator.util.DbUtil.getConnectionUrlWithSchema:208 --> getConnectionUrlWithSchema, connection url: jdbc:mysql://localhost:3306/db_project?serverTimezone=UTC&useUnicode=true&useSSL=false&characterEncoding=utf8
[INFO] [07:48:57.093] [JavaFX Application Thread] [] com.zzg.mybatis.generator.util.DbUtil.getConnection:133 --> getConnection, connection url: com.mysql.cj.jdbc.ConnectionImpl@19eb2d
[INFO] [07:48:58.611] [JavaFX Application Thread] [] com.zzg.mybatis.generator.util.DbUtil.getConnectionUrlWithSchema:208 --> getConnectionUrlWithSchema, connection url: jdbc:mysql://localhost:3306/db_finance?serverTimezone=UTC&useUnicode=true&useSSL=false&characterEncoding=utf8
[INFO] [07:48:58.615] [JavaFX Application Thread] [] com.zzg.mybatis.generator.util.DbUtil.getConnection:133 --> getConnection, connection url: com.mysql.cj.jdbc.ConnectionImpl@231e4d24
[INFO] [07:48:59.650] [JavaFX Application Thread] [] com.zzg.mybatis.generator.util.DbUtil.getConnectionUrlWithSchema:208 --> getConnectionUrlWithSchema, connection url: jdbc:mysql://localhost:3306/db_file?serverTimezone=UTC&useUnicode=true&useSSL=false&characterEncoding=utf8
[INFO] [07:48:59.654] [JavaFX Application Thread] [] com.zzg.mybatis.generator.util.DbUtil.getConnection:133 --> getConnection, connection url: com.mysql.cj.jdbc.ConnectionImpl@29fb4186
[INFO] [07:49:00.866] [JavaFX Application Thread] [] com.zzg.mybatis.generator.util.DbUtil.getConnectionUrlWithSchema:208 --> getConnectionUrlWithSchema, connection url: jdbc:mysql://localhost:3306/db_school?serverTimezone=UTC&useUnicode=true&useSSL=false&characterEncoding=utf8
[INFO] [07:49:00.870] [JavaFX Application Thread] [] com.zzg.mybatis.generator.util.DbUtil.getConnection:133 --> getConnection, connection url: com.mysql.cj.jdbc.ConnectionImpl@44fba4db
[INFO] [07:49:01.978] [JavaFX Application Thread] [] com.zzg.mybatis.generator.util.DbUtil.getConnectionUrlWithSchema:208 --> getConnectionUrlWithSchema, connection url: jdbc:mysql://localhost:3306/db_webapp?serverTimezone=UTC&useUnicode=true&useSSL=false&characterEncoding=utf8
[INFO] [07:49:01.982] [JavaFX Application Thread] [] com.zzg.mybatis.generator.util.DbUtil.getConnection:133 --> getConnection, connection url: com.mysql.cj.jdbc.ConnectionImpl@64392c72
[INFO] [07:49:04.326] [JavaFX Application Thread] [] com.zzg.mybatis.generator.util.ConnectionManager.getConnection:20 --> database FilePath :C:\Users\Administrator\IdeaProjects\mybatis-generator-gui\.\config\sqlite3.db
[INFO] [07:49:04.327] [JavaFX Application Thread] [] com.zzg.mybatis.generator.util.ConfigHelper.loadGeneratorConfigs:182 --> sql: SELECT * FROM generator_config
[INFO] [07:49:11.309] [JavaFX Application Thread] [] com.zzg.mybatis.generator.util.ConnectionManager.getConnection:20 --> database FilePath :C:\Users\Administrator\IdeaProjects\mybatis-generator-gui\.\config\sqlite3.db
[INFO] [07:49:11.311] [JavaFX Application Thread] [] com.zzg.mybatis.generator.util.ConfigHelper.loadGeneratorConfigs:182 --> sql: SELECT * FROM generator_config
[INFO] [15:46:25.838] [JavaFX Application Thread] [] com.zzg.mybatis.generator.util.ConnectionManager.getConnection:20 --> database FilePath :C:\Users\Administrator\IdeaProjects\mybatis-generator-gui\.\config\sqlite3.db
[INFO] [15:46:30.742] [JavaFX Application Thread] [] com.zzg.mybatis.generator.util.ConfigHelper.getAllJDBCDriverJarPaths:238 --> jar lib path: C:\Users\Administrator\IdeaProjects\mybatis-generator-gui\src\main\resources\lib
[INFO] [15:46:30.743] [JavaFX Application Thread] [] com.zzg.mybatis.generator.util.ConfigHelper.getAllJDBCDriverJarPaths:242 --> jar file: C:\Users\Administrator\IdeaProjects\mybatis-generator-gui\src\main\resources\lib\mysql-connector-java-5.1.38.jar
[INFO] [15:46:30.743] [JavaFX Application Thread] [] com.zzg.mybatis.generator.util.ConfigHelper.getAllJDBCDriverJarPaths:242 --> jar file: C:\Users\Administrator\IdeaProjects\mybatis-generator-gui\src\main\resources\lib\mysql-connector-java-8.0.11.jar
[INFO] [15:46:30.744] [JavaFX Application Thread] [] com.zzg.mybatis.generator.util.ConfigHelper.getAllJDBCDriverJarPaths:242 --> jar file: C:\Users\Administrator\IdeaProjects\mybatis-generator-gui\src\main\resources\lib\ojdbc6.jar
[INFO] [15:46:30.744] [JavaFX Application Thread] [] com.zzg.mybatis.generator.util.ConfigHelper.getAllJDBCDriverJarPaths:242 --> jar file: C:\Users\Administrator\IdeaProjects\mybatis-generator-gui\src\main\resources\lib\postgresql-9.4.1209.jar
[INFO] [15:46:30.744] [JavaFX Application Thread] [] com.zzg.mybatis.generator.util.ConfigHelper.getAllJDBCDriverJarPaths:242 --> jar file: C:\Users\Administrator\IdeaProjects\mybatis-generator-gui\src\main\resources\lib\sqlite-jdbc-3.19.3.jar
[INFO] [15:46:30.745] [JavaFX Application Thread] [] com.zzg.mybatis.generator.util.ConfigHelper.getAllJDBCDriverJarPaths:242 --> jar file: C:\Users\Administrator\IdeaProjects\mybatis-generator-gui\src\main\resources\lib\sqljdbc4-4.0.jar
[INFO] [15:46:30.753] [JavaFX Application Thread] [] com.zzg.mybatis.generator.util.DbUtil.loadDbDriver:222 --> load driver class: com.mysql.cj.jdbc.Driver@7e3d96e
[INFO] [15:46:30.753] [JavaFX Application Thread] [] com.zzg.mybatis.generator.util.DbUtil.getConnectionUrlWithSchema:208 --> getConnectionUrlWithSchema, connection url: jdbc:mysql://localhost:3306/db_project?serverTimezone=UTC&useUnicode=true&useSSL=false&characterEncoding=utf8
[INFO] [15:46:30.870] [JavaFX Application Thread] [] com.zzg.mybatis.generator.util.DbUtil.getConnection:133 --> getConnection, connection url: com.mysql.cj.jdbc.ConnectionImpl@109b8c65
[INFO] [15:47:47.398] [JavaFX Application Thread] [] com.zzg.mybatis.generator.util.ConfigHelper.findConnectorLibPath:215 --> jar resource: file:/C:/Users/Administrator/IdeaProjects/mybatis-generator-gui/target/classes/logback.xml
[INFO] [15:47:47.400] [JavaFX Application Thread] [] com.zzg.mybatis.generator.bridge.MybatisGeneratorBridge.generate:66 --> connectorLibPath: C:\Users\Administrator\IdeaProjects\mybatis-generator-gui\target\classes\lib\mysql-connector-java-8.0.11.jar
[INFO] [15:47:47.403] [JavaFX Application Thread] [] com.zzg.mybatis.generator.util.DbUtil.getConnectionUrlWithSchema:208 --> getConnectionUrlWithSchema, connection url: jdbc:mysql://localhost:3306/db_project?serverTimezone=UTC&useUnicode=true&useSSL=false&characterEncoding=utf8
[DEBUG] [15:47:47.536] [JavaFX Application Thread] [] org.mybatis.generator.logging.LogFactory.setImplementation:105 --> Logging initialized using 'org.mybatis.generator.logging.slf4j.Slf4jLoggingLogFactory@31af59c0' adapter.
[DEBUG] [15:47:47.548] [JavaFX Application Thread] [] org.mybatis.generator.internal.db.DatabaseIntrospector.getColumns:506 --> Retrieving column information for table "db_project.tb_labour"
[DEBUG] [15:47:47.594] [JavaFX Application Thread] [] org.mybatis.generator.internal.db.DatabaseIntrospector.getColumns:563 --> Found column "lb_id", data type 4, in table "db_project..tb_labour"
[DEBUG] [15:47:47.595] [JavaFX Application Thread] [] org.mybatis.generator.internal.db.DatabaseIntrospector.getColumns:563 --> Found column "lb_name", data type 12, in table "db_project..tb_labour"
[DEBUG] [15:47:47.595] [JavaFX Application Thread] [] org.mybatis.generator.internal.db.DatabaseIntrospector.getColumns:563 --> Found column "lb_level", data type 12, in table "db_project..tb_labour"
[DEBUG] [15:47:47.595] [JavaFX Application Thread] [] org.mybatis.generator.internal.db.DatabaseIntrospector.getColumns:563 --> Found column "lb_leader", data type 12, in table "db_project..tb_labour"
[DEBUG] [15:47:47.595] [JavaFX Application Thread] [] org.mybatis.generator.internal.db.DatabaseIntrospector.getColumns:563 --> Found column "lb_type", data type 12, in table "db_project..tb_labour"
[DEBUG] [15:47:47.595] [JavaFX Application Thread] [] org.mybatis.generator.internal.db.DatabaseIntrospector.getColumns:563 --> Found column "lb_scale", data type -6, in table "db_project..tb_labour"
[DEBUG] [15:47:47.596] [JavaFX Application Thread] [] org.mybatis.generator.internal.db.DatabaseIntrospector.getColumns:563 --> Found column "lb_score", data type 8, in table "db_project..tb_labour"
[DEBUG] [15:47:47.596] [JavaFX Application Thread] [] org.mybatis.generator.internal.db.DatabaseIntrospector.getColumns:563 --> Found column "lb_project", data type 12, in table "db_project..tb_labour"
[DEBUG] [15:47:47.596] [JavaFX Application Thread] [] org.mybatis.generator.internal.db.DatabaseIntrospector.getColumns:563 --> Found column "lb_number", data type -6, in table "db_project..tb_labour"
[DEBUG] [15:47:47.596] [JavaFX Application Thread] [] org.mybatis.generator.internal.db.DatabaseIntrospector.getColumns:563 --> Found column "lb_info", data type 12, in table "db_project..tb_labour"
[INFO] [15:48:12.901] [JavaFX Application Thread] [] com.zzg.mybatis.generator.util.ConfigHelper.findConnectorLibPath:215 --> jar resource: file:/C:/Users/Administrator/IdeaProjects/mybatis-generator-gui/target/classes/logback.xml
[INFO] [15:48:12.901] [JavaFX Application Thread] [] com.zzg.mybatis.generator.bridge.MybatisGeneratorBridge.generate:66 --> connectorLibPath: C:\Users\Administrator\IdeaProjects\mybatis-generator-gui\target\classes\lib\mysql-connector-java-8.0.11.jar
[INFO] [15:48:12.902] [JavaFX Application Thread] [] com.zzg.mybatis.generator.util.DbUtil.getConnectionUrlWithSchema:208 --> getConnectionUrlWithSchema, connection url: jdbc:mysql://localhost:3306/db_project?serverTimezone=UTC&useUnicode=true&useSSL=false&characterEncoding=utf8
[DEBUG] [15:48:13.043] [JavaFX Application Thread] [] org.mybatis.generator.internal.db.DatabaseIntrospector.getColumns:506 --> Retrieving column information for table "db_project.tb_quantity"
[DEBUG] [15:48:13.066] [JavaFX Application Thread] [] org.mybatis.generator.internal.db.DatabaseIntrospector.getColumns:563 --> Found column "qy_id", data type 4, in table "db_project..tb_quantity"
[DEBUG] [15:48:13.067] [JavaFX Application Thread] [] org.mybatis.generator.internal.db.DatabaseIntrospector.getColumns:563 --> Found column "pi_id", data type 4, in table "db_project..tb_quantity"
[DEBUG] [15:48:13.067] [JavaFX Application Thread] [] org.mybatis.generator.internal.db.DatabaseIntrospector.getColumns:563 --> Found column "lb_id", data type 4, in table "db_project..tb_quantity"
[DEBUG] [15:48:13.067] [JavaFX Application Thread] [] org.mybatis.generator.internal.db.DatabaseIntrospector.getColumns:563 --> Found column "ct_id", data type 4, in table "db_project..tb_quantity"
[DEBUG] [15:48:13.068] [JavaFX Application Thread] [] org.mybatis.generator.internal.db.DatabaseIntrospector.getColumns:563 --> Found column "bg_id", data type 4, in table "db_project..tb_quantity"
[DEBUG] [15:48:13.068] [JavaFX Application Thread] [] org.mybatis.generator.internal.db.DatabaseIntrospector.getColumns:563 --> Found column "qy_date", data type 93, in table "db_project..tb_quantity"
[DEBUG] [15:48:13.068] [JavaFX Application Thread] [] org.mybatis.generator.internal.db.DatabaseIntrospector.getColumns:563 --> Found column "qy_name", data type 12, in table "db_project..tb_quantity"
[DEBUG] [15:48:13.068] [JavaFX Application Thread] [] org.mybatis.generator.internal.db.DatabaseIntrospector.getColumns:563 --> Found column "qy_unit", data type 12, in table "db_project..tb_quantity"
[DEBUG] [15:48:13.069] [JavaFX Application Thread] [] org.mybatis.generator.internal.db.DatabaseIntrospector.getColumns:563 --> Found column "qy_do_design", data type 8, in table "db_project..tb_quantity"
[DEBUG] [15:48:13.069] [JavaFX Application Thread] [] org.mybatis.generator.internal.db.DatabaseIntrospector.getColumns:563 --> Found column "qy_do_change", data type 8, in table "db_project..tb_quantity"
[DEBUG] [15:48:13.069] [JavaFX Application Thread] [] org.mybatis.generator.internal.db.DatabaseIntrospector.getColumns:563 --> Found column "qy_up_design", data type 8, in table "db_project..tb_quantity"
[DEBUG] [15:48:13.069] [JavaFX Application Thread] [] org.mybatis.generator.internal.db.DatabaseIntrospector.getColumns:563 --> Found column "qy_up_change", data type 8, in table "db_project..tb_quantity"
[DEBUG] [15:48:13.069] [JavaFX Application Thread] [] org.mybatis.generator.internal.db.DatabaseIntrospector.getColumns:563 --> Found column "qy_down_design", data type 8, in table "db_project..tb_quantity"
[DEBUG] [15:48:13.070] [JavaFX Application Thread] [] org.mybatis.generator.internal.db.DatabaseIntrospector.getColumns:563 --> Found column "qy_down_change", data type 8, in table "db_project..tb_quantity"
[DEBUG] [15:48:13.070] [JavaFX Application Thread] [] org.mybatis.generator.internal.db.DatabaseIntrospector.getColumns:563 --> Found column "qy_info", data type 12, in table "db_project..tb_quantity"
[INFO] [15:48:27.930] [JavaFX Application Thread] [] com.zzg.mybatis.generator.util.ConfigHelper.findConnectorLibPath:215 --> jar resource: file:/C:/Users/Administrator/IdeaProjects/mybatis-generator-gui/target/classes/logback.xml
[INFO] [15:48:27.932] [JavaFX Application Thread] [] com.zzg.mybatis.generator.bridge.MybatisGeneratorBridge.generate:66 --> connectorLibPath: C:\Users\Administrator\IdeaProjects\mybatis-generator-gui\target\classes\lib\mysql-connector-java-8.0.11.jar
[INFO] [15:48:27.933] [JavaFX Application Thread] [] com.zzg.mybatis.generator.util.DbUtil.getConnectionUrlWithSchema:208 --> getConnectionUrlWithSchema, connection url: jdbc:mysql://localhost:3306/db_project?serverTimezone=UTC&useUnicode=true&useSSL=false&characterEncoding=utf8
[DEBUG] [15:48:28.038] [JavaFX Application Thread] [] org.mybatis.generator.internal.db.DatabaseIntrospector.getColumns:506 --> Retrieving column information for table "db_project.tb_quantity_sum"
[DEBUG] [15:48:28.063] [JavaFX Application Thread] [] org.mybatis.generator.internal.db.DatabaseIntrospector.getColumns:563 --> Found column "qy_id", data type 4, in table "db_project..tb_quantity_sum"
[DEBUG] [15:48:28.064] [JavaFX Application Thread] [] org.mybatis.generator.internal.db.DatabaseIntrospector.getColumns:563 --> Found column "pi_id", data type 4, in table "db_project..tb_quantity_sum"
[DEBUG] [15:48:28.064] [JavaFX Application Thread] [] org.mybatis.generator.internal.db.DatabaseIntrospector.getColumns:563 --> Found column "lb_id", data type 4, in table "db_project..tb_quantity_sum"
[DEBUG] [15:48:28.064] [JavaFX Application Thread] [] org.mybatis.generator.internal.db.DatabaseIntrospector.getColumns:563 --> Found column "ct_id", data type 4, in table "db_project..tb_quantity_sum"
[DEBUG] [15:48:28.064] [JavaFX Application Thread] [] org.mybatis.generator.internal.db.DatabaseIntrospector.getColumns:563 --> Found column "bg_id", data type 4, in table "db_project..tb_quantity_sum"
[DEBUG] [15:48:28.065] [JavaFX Application Thread] [] org.mybatis.generator.internal.db.DatabaseIntrospector.getColumns:563 --> Found column "qy_date", data type 93, in table "db_project..tb_quantity_sum"
[DEBUG] [15:48:28.065] [JavaFX Application Thread] [] org.mybatis.generator.internal.db.DatabaseIntrospector.getColumns:563 --> Found column "qy_name", data type 12, in table "db_project..tb_quantity_sum"
[DEBUG] [15:48:28.065] [JavaFX Application Thread] [] org.mybatis.generator.internal.db.DatabaseIntrospector.getColumns:563 --> Found column "qy_unit", data type 12, in table "db_project..tb_quantity_sum"
[DEBUG] [15:48:28.065] [JavaFX Application Thread] [] org.mybatis.generator.internal.db.DatabaseIntrospector.getColumns:563 --> Found column "qy_budget", data type 8, in table "db_project..tb_quantity_sum"
[DEBUG] [15:48:28.065] [JavaFX Application Thread] [] org.mybatis.generator.internal.db.DatabaseIntrospector.getColumns:563 --> Found column "qy_dwg_design", data type 8, in table "db_project..tb_quantity_sum"
[DEBUG] [15:48:28.066] [JavaFX Application Thread] [] org.mybatis.generator.internal.db.DatabaseIntrospector.getColumns:563 --> Found column "qy_dwg_change", data type 8, in table "db_project..tb_quantity_sum"
[DEBUG] [15:48:28.066] [JavaFX Application Thread] [] org.mybatis.generator.internal.db.DatabaseIntrospector.getColumns:563 --> Found column "qy_chk_design", data type 8, in table "db_project..tb_quantity_sum"
[DEBUG] [15:48:28.066] [JavaFX Application Thread] [] org.mybatis.generator.internal.db.DatabaseIntrospector.getColumns:563 --> Found column "qy_chk_change", data type 8, in table "db_project..tb_quantity_sum"
[DEBUG] [15:48:28.066] [JavaFX Application Thread] [] org.mybatis.generator.internal.db.DatabaseIntrospector.getColumns:563 --> Found column "qy_act_design", data type 8, in table "db_project..tb_quantity_sum"
[DEBUG] [15:48:28.067] [JavaFX Application Thread] [] org.mybatis.generator.internal.db.DatabaseIntrospector.getColumns:563 --> Found column "qy_act_change", data type 8, in table "db_project..tb_quantity_sum"
[DEBUG] [15:48:28.067] [JavaFX Application Thread] [] org.mybatis.generator.internal.db.DatabaseIntrospector.getColumns:563 --> Found column "qy_do_design", data type 8, in table "db_project..tb_quantity_sum"
[DEBUG] [15:48:28.067] [JavaFX Application Thread] [] org.mybatis.generator.internal.db.DatabaseIntrospector.getColumns:563 --> Found column "qy_do_change", data type 8, in table "db_project..tb_quantity_sum"
[DEBUG] [15:48:28.067] [JavaFX Application Thread] [] org.mybatis.generator.internal.db.DatabaseIntrospector.getColumns:563 --> Found column "qy_up_design", data type 8, in table "db_project..tb_quantity_sum"
[DEBUG] [15:48:28.067] [JavaFX Application Thread] [] org.mybatis.generator.internal.db.DatabaseIntrospector.getColumns:563 --> Found column "qy_up_change", data type 8, in table "db_project..tb_quantity_sum"
[DEBUG] [15:48:28.068] [JavaFX Application Thread] [] org.mybatis.generator.internal.db.DatabaseIntrospector.getColumns:563 --> Found column "qy_down_design", data type 8, in table "db_project..tb_quantity_sum"
[DEBUG] [15:48:28.068] [JavaFX Application Thread] [] org.mybatis.generator.internal.db.DatabaseIntrospector.getColumns:563 --> Found column "qy_down_change", data type 8, in table "db_project..tb_quantity_sum"
[DEBUG] [15:48:28.068] [JavaFX Application Thread] [] org.mybatis.generator.internal.db.DatabaseIntrospector.getColumns:563 --> Found column "qy_info", data type 12, in table "db_project..tb_quantity_sum"
