[INFO] [14:18:39.710] [JavaFX Application Thread] [] com.zzg.mybatis.generator.util.ConnectionManager.getConnection:20 --> database FilePath :C:\Users\Administrator\IdeaProjects\mybatis-generator-gui\.\config\sqlite3.db
[INFO] [14:18:43.134] [JavaFX Application Thread] [] com.zzg.mybatis.generator.util.ConfigHelper.getAllJDBCDriverJarPaths:238 --> jar lib path: C:\Users\Administrator\IdeaProjects\mybatis-generator-gui\src\main\resources\lib
[INFO] [14:18:43.134] [JavaFX Application Thread] [] com.zzg.mybatis.generator.util.ConfigHelper.getAllJDBCDriverJarPaths:242 --> jar file: C:\Users\Administrator\IdeaProjects\mybatis-generator-gui\src\main\resources\lib\mysql-connector-java-5.1.38.jar
[INFO] [14:18:43.142] [JavaFX Application Thread] [] com.zzg.mybatis.generator.util.ConfigHelper.getAllJDBCDriverJarPaths:242 --> jar file: C:\Users\Administrator\IdeaProjects\mybatis-generator-gui\src\main\resources\lib\mysql-connector-java-8.0.11.jar
[INFO] [14:18:43.142] [JavaFX Application Thread] [] com.zzg.mybatis.generator.util.ConfigHelper.getAllJDBCDriverJarPaths:242 --> jar file: C:\Users\Administrator\IdeaProjects\mybatis-generator-gui\src\main\resources\lib\ojdbc6.jar
[INFO] [14:18:43.142] [JavaFX Application Thread] [] com.zzg.mybatis.generator.util.ConfigHelper.getAllJDBCDriverJarPaths:242 --> jar file: C:\Users\Administrator\IdeaProjects\mybatis-generator-gui\src\main\resources\lib\postgresql-9.4.1209.jar
[INFO] [14:18:43.142] [JavaFX Application Thread] [] com.zzg.mybatis.generator.util.ConfigHelper.getAllJDBCDriverJarPaths:242 --> jar file: C:\Users\Administrator\IdeaProjects\mybatis-generator-gui\src\main\resources\lib\sqlite-jdbc-3.19.3.jar
[INFO] [14:18:43.143] [JavaFX Application Thread] [] com.zzg.mybatis.generator.util.ConfigHelper.getAllJDBCDriverJarPaths:242 --> jar file: C:\Users\Administrator\IdeaProjects\mybatis-generator-gui\src\main\resources\lib\sqljdbc4-4.0.jar
[INFO] [14:18:43.144] [JavaFX Application Thread] [] com.zzg.mybatis.generator.util.DbUtil.loadDbDriver:222 --> load driver class: com.mysql.jdbc.Driver@3a9b9692
[INFO] [14:18:43.144] [JavaFX Application Thread] [] com.zzg.mybatis.generator.util.DbUtil.getConnectionUrlWithSchema:208 --> getConnectionUrlWithSchema, connection url: jdbc:mysql://localhost:3306/db_school?useUnicode=true&useSSL=false&characterEncoding=utf8
[INFO] [14:18:43.299] [JavaFX Application Thread] [] com.zzg.mybatis.generator.util.DbUtil.getConnection:133 --> getConnection, connection url: com.mysql.jdbc.JDBC4Connection@6855fa40
[INFO] [14:19:32.525] [JavaFX Application Thread] [] com.zzg.mybatis.generator.util.ConfigHelper.findConnectorLibPath:215 --> jar resource: file:/C:/Users/Administrator/IdeaProjects/mybatis-generator-gui/target/classes/logback.xml
[INFO] [14:19:32.526] [JavaFX Application Thread] [] com.zzg.mybatis.generator.bridge.MybatisGeneratorBridge.generate:66 --> connectorLibPath: C:\Users\Administrator\IdeaProjects\mybatis-generator-gui\target\classes\lib\mysql-connector-java-5.1.38.jar
[INFO] [14:19:32.528] [JavaFX Application Thread] [] com.zzg.mybatis.generator.util.DbUtil.getConnectionUrlWithSchema:208 --> getConnectionUrlWithSchema, connection url: jdbc:mysql://localhost:3306/db_school?useUnicode=true&useSSL=false&characterEncoding=utf8
[DEBUG] [14:19:32.559] [JavaFX Application Thread] [] org.mybatis.generator.logging.LogFactory.setImplementation:105 --> Logging initialized using 'org.mybatis.generator.logging.slf4j.Slf4jLoggingLogFactory@2fd63406' adapter.
[DEBUG] [14:19:32.560] [JavaFX Application Thread] [] org.mybatis.generator.internal.db.DatabaseIntrospector.getColumns:506 --> Retrieving column information for table "db_school.tb_student_info"
[DEBUG] [14:19:32.579] [JavaFX Application Thread] [] org.mybatis.generator.internal.db.DatabaseIntrospector.getColumns:563 --> Found column "sti_id", data type 12, in table "db_school..tb_student_info"
[DEBUG] [14:19:32.579] [JavaFX Application Thread] [] org.mybatis.generator.internal.db.DatabaseIntrospector.getColumns:563 --> Found column "sti_name", data type 12, in table "db_school..tb_student_info"
[DEBUG] [14:19:32.579] [JavaFX Application Thread] [] org.mybatis.generator.internal.db.DatabaseIntrospector.getColumns:563 --> Found column "sti_sex", data type 12, in table "db_school..tb_student_info"
[DEBUG] [14:19:32.580] [JavaFX Application Thread] [] org.mybatis.generator.internal.db.DatabaseIntrospector.getColumns:563 --> Found column "sti_age", data type 4, in table "db_school..tb_student_info"
[DEBUG] [14:19:32.580] [JavaFX Application Thread] [] org.mybatis.generator.internal.db.DatabaseIntrospector.getColumns:563 --> Found column "sti_sfzh", data type 12, in table "db_school..tb_student_info"
[DEBUG] [14:19:32.580] [JavaFX Application Thread] [] org.mybatis.generator.internal.db.DatabaseIntrospector.getColumns:563 --> Found column "sti_csrq", data type 93, in table "db_school..tb_student_info"
[DEBUG] [14:19:32.581] [JavaFX Application Thread] [] org.mybatis.generator.internal.db.DatabaseIntrospector.getColumns:563 --> Found column "sti_zzmm", data type 12, in table "db_school..tb_student_info"
[DEBUG] [14:19:32.581] [JavaFX Application Thread] [] org.mybatis.generator.internal.db.DatabaseIntrospector.getColumns:563 --> Found column "sti_jtdh", data type 12, in table "db_school..tb_student_info"
[DEBUG] [14:19:32.581] [JavaFX Application Thread] [] org.mybatis.generator.internal.db.DatabaseIntrospector.getColumns:563 --> Found column "sti_jtdz", data type 12, in table "db_school..tb_student_info"
[DEBUG] [14:19:32.582] [JavaFX Application Thread] [] org.mybatis.generator.internal.db.DatabaseIntrospector.getColumns:563 --> Found column "sti_jkzk", data type 12, in table "db_school..tb_student_info"
