[INFO] [14:49:51.695] [JavaFX Application Thread] [] com.zzg.mybatis.generator.util.ConnectionManager.getConnection:20 --> database FilePath :C:\Users\Administrator\IdeaProjects\mybatis-generator-gui\.\config\sqlite3.db
[INFO] [14:50:03.960] [JavaFX Application Thread] [] com.zzg.mybatis.generator.util.ConfigHelper.getAllJDBCDriverJarPaths:238 --> jar lib path: C:\Users\Administrator\IdeaProjects\mybatis-generator-gui\src\main\resources\lib
[INFO] [14:50:03.960] [JavaFX Application Thread] [] com.zzg.mybatis.generator.util.ConfigHelper.getAllJDBCDriverJarPaths:242 --> jar file: C:\Users\Administrator\IdeaProjects\mybatis-generator-gui\src\main\resources\lib\mysql-connector-java-5.1.38.jar
[INFO] [14:50:03.970] [JavaFX Application Thread] [] com.zzg.mybatis.generator.util.ConfigHelper.getAllJDBCDriverJarPaths:242 --> jar file: C:\Users\Administrator\IdeaProjects\mybatis-generator-gui\src\main\resources\lib\mysql-connector-java-8.0.11.jar
[INFO] [14:50:03.970] [JavaFX Application Thread] [] com.zzg.mybatis.generator.util.ConfigHelper.getAllJDBCDriverJarPaths:242 --> jar file: C:\Users\Administrator\IdeaProjects\mybatis-generator-gui\src\main\resources\lib\ojdbc6.jar
[INFO] [14:50:03.971] [JavaFX Application Thread] [] com.zzg.mybatis.generator.util.ConfigHelper.getAllJDBCDriverJarPaths:242 --> jar file: C:\Users\Administrator\IdeaProjects\mybatis-generator-gui\src\main\resources\lib\postgresql-9.4.1209.jar
[INFO] [14:50:03.971] [JavaFX Application Thread] [] com.zzg.mybatis.generator.util.ConfigHelper.getAllJDBCDriverJarPaths:242 --> jar file: C:\Users\Administrator\IdeaProjects\mybatis-generator-gui\src\main\resources\lib\sqlite-jdbc-3.19.3.jar
[INFO] [14:50:03.971] [JavaFX Application Thread] [] com.zzg.mybatis.generator.util.ConfigHelper.getAllJDBCDriverJarPaths:242 --> jar file: C:\Users\Administrator\IdeaProjects\mybatis-generator-gui\src\main\resources\lib\sqljdbc4-4.0.jar
[INFO] [14:50:03.972] [JavaFX Application Thread] [] com.zzg.mybatis.generator.util.DbUtil.loadDbDriver:222 --> load driver class: com.mysql.jdbc.Driver@6eae8d89
[INFO] [14:50:03.972] [JavaFX Application Thread] [] com.zzg.mybatis.generator.util.DbUtil.getConnectionUrlWithSchema:208 --> getConnectionUrlWithSchema, connection url: jdbc:mysql://localhost:3306/db_school?useUnicode=true&useSSL=false&characterEncoding=utf8
[INFO] [14:50:04.144] [JavaFX Application Thread] [] com.zzg.mybatis.generator.util.DbUtil.getConnection:133 --> getConnection, connection url: com.mysql.jdbc.JDBC4Connection@4e0cabf6
[INFO] [14:55:15.490] [JavaFX Application Thread] [] com.zzg.mybatis.generator.util.ConnectionManager.getConnection:20 --> database FilePath :C:\Users\Administrator\IdeaProjects\mybatis-generator-gui\.\config\sqlite3.db
[INFO] [14:55:18.708] [JavaFX Application Thread] [] com.zzg.mybatis.generator.util.ConfigHelper.getAllJDBCDriverJarPaths:238 --> jar lib path: C:\Users\Administrator\IdeaProjects\mybatis-generator-gui\src\main\resources\lib
[INFO] [14:55:18.708] [JavaFX Application Thread] [] com.zzg.mybatis.generator.util.ConfigHelper.getAllJDBCDriverJarPaths:242 --> jar file: C:\Users\Administrator\IdeaProjects\mybatis-generator-gui\src\main\resources\lib\mysql-connector-java-5.1.38.jar
[INFO] [14:55:18.708] [JavaFX Application Thread] [] com.zzg.mybatis.generator.util.ConfigHelper.getAllJDBCDriverJarPaths:242 --> jar file: C:\Users\Administrator\IdeaProjects\mybatis-generator-gui\src\main\resources\lib\mysql-connector-java-8.0.11.jar
[INFO] [14:55:18.709] [JavaFX Application Thread] [] com.zzg.mybatis.generator.util.ConfigHelper.getAllJDBCDriverJarPaths:242 --> jar file: C:\Users\Administrator\IdeaProjects\mybatis-generator-gui\src\main\resources\lib\ojdbc6.jar
[INFO] [14:55:18.709] [JavaFX Application Thread] [] com.zzg.mybatis.generator.util.ConfigHelper.getAllJDBCDriverJarPaths:242 --> jar file: C:\Users\Administrator\IdeaProjects\mybatis-generator-gui\src\main\resources\lib\postgresql-9.4.1209.jar
[INFO] [14:55:18.709] [JavaFX Application Thread] [] com.zzg.mybatis.generator.util.ConfigHelper.getAllJDBCDriverJarPaths:242 --> jar file: C:\Users\Administrator\IdeaProjects\mybatis-generator-gui\src\main\resources\lib\sqlite-jdbc-3.19.3.jar
[INFO] [14:55:18.709] [JavaFX Application Thread] [] com.zzg.mybatis.generator.util.ConfigHelper.getAllJDBCDriverJarPaths:242 --> jar file: C:\Users\Administrator\IdeaProjects\mybatis-generator-gui\src\main\resources\lib\sqljdbc4-4.0.jar
[INFO] [14:55:18.710] [JavaFX Application Thread] [] com.zzg.mybatis.generator.util.DbUtil.loadDbDriver:222 --> load driver class: com.mysql.jdbc.Driver@106d289
[INFO] [14:55:18.710] [JavaFX Application Thread] [] com.zzg.mybatis.generator.util.DbUtil.getConnectionUrlWithSchema:208 --> getConnectionUrlWithSchema, connection url: jdbc:mysql://localhost:3306/db_school?useUnicode=true&useSSL=false&characterEncoding=utf8
[INFO] [14:55:18.862] [JavaFX Application Thread] [] com.zzg.mybatis.generator.util.DbUtil.getConnection:133 --> getConnection, connection url: com.mysql.jdbc.JDBC4Connection@34ec6b4
[INFO] [14:57:18.344] [JavaFX Application Thread] [] com.zzg.mybatis.generator.util.ConfigHelper.findConnectorLibPath:215 --> jar resource: file:/C:/Users/Administrator/IdeaProjects/mybatis-generator-gui/target/classes/logback.xml
[INFO] [14:57:18.345] [JavaFX Application Thread] [] com.zzg.mybatis.generator.bridge.MybatisGeneratorBridge.generate:66 --> connectorLibPath: C:\Users\Administrator\IdeaProjects\mybatis-generator-gui\target\classes\lib\mysql-connector-java-5.1.38.jar
[INFO] [14:57:18.348] [JavaFX Application Thread] [] com.zzg.mybatis.generator.util.DbUtil.getConnectionUrlWithSchema:208 --> getConnectionUrlWithSchema, connection url: jdbc:mysql://localhost:3306/db_school?useUnicode=true&useSSL=false&characterEncoding=utf8
[DEBUG] [14:57:18.380] [JavaFX Application Thread] [] org.mybatis.generator.logging.LogFactory.setImplementation:105 --> Logging initialized using 'org.mybatis.generator.logging.slf4j.Slf4jLoggingLogFactory@62d05024' adapter.
[DEBUG] [14:57:18.382] [JavaFX Application Thread] [] org.mybatis.generator.internal.db.DatabaseIntrospector.getColumns:506 --> Retrieving column information for table "db_school.tb_assign_class"
[DEBUG] [14:57:18.412] [JavaFX Application Thread] [] org.mybatis.generator.internal.db.DatabaseIntrospector.getColumns:563 --> Found column "acs_id", data type 12, in table "db_school..tb_assign_class"
[DEBUG] [14:57:18.413] [JavaFX Application Thread] [] org.mybatis.generator.internal.db.DatabaseIntrospector.getColumns:563 --> Found column "tei_id", data type 12, in table "db_school..tb_assign_class"
[DEBUG] [14:57:18.413] [JavaFX Application Thread] [] org.mybatis.generator.internal.db.DatabaseIntrospector.getColumns:563 --> Found column "sci_id", data type 12, in table "db_school..tb_assign_class"
[DEBUG] [14:57:18.413] [JavaFX Application Thread] [] org.mybatis.generator.internal.db.DatabaseIntrospector.getColumns:563 --> Found column "acs_rzrq", data type 93, in table "db_school..tb_assign_class"
[DEBUG] [14:57:18.414] [JavaFX Application Thread] [] org.mybatis.generator.internal.db.DatabaseIntrospector.getColumns:563 --> Found column "acs_date", data type 93, in table "db_school..tb_assign_class"
[INFO] [14:57:43.328] [JavaFX Application Thread] [] com.zzg.mybatis.generator.util.ConfigHelper.findConnectorLibPath:215 --> jar resource: file:/C:/Users/Administrator/IdeaProjects/mybatis-generator-gui/target/classes/logback.xml
[INFO] [14:57:43.329] [JavaFX Application Thread] [] com.zzg.mybatis.generator.bridge.MybatisGeneratorBridge.generate:66 --> connectorLibPath: C:\Users\Administrator\IdeaProjects\mybatis-generator-gui\target\classes\lib\mysql-connector-java-5.1.38.jar
[INFO] [14:57:43.330] [JavaFX Application Thread] [] com.zzg.mybatis.generator.util.DbUtil.getConnectionUrlWithSchema:208 --> getConnectionUrlWithSchema, connection url: jdbc:mysql://localhost:3306/db_school?useUnicode=true&useSSL=false&characterEncoding=utf8
[DEBUG] [14:57:43.337] [JavaFX Application Thread] [] org.mybatis.generator.internal.db.DatabaseIntrospector.getColumns:506 --> Retrieving column information for table "db_school.tb_assign_course"
[DEBUG] [14:57:43.349] [JavaFX Application Thread] [] org.mybatis.generator.internal.db.DatabaseIntrospector.getColumns:563 --> Found column "ace_id", data type 12, in table "db_school..tb_assign_course"
[DEBUG] [14:57:43.349] [JavaFX Application Thread] [] org.mybatis.generator.internal.db.DatabaseIntrospector.getColumns:563 --> Found column "tei_id", data type 12, in table "db_school..tb_assign_course"
[DEBUG] [14:57:43.350] [JavaFX Application Thread] [] org.mybatis.generator.internal.db.DatabaseIntrospector.getColumns:563 --> Found column "scc_code", data type 12, in table "db_school..tb_assign_course"
[DEBUG] [14:57:43.350] [JavaFX Application Thread] [] org.mybatis.generator.internal.db.DatabaseIntrospector.getColumns:563 --> Found column "ace_rkrq", data type 93, in table "db_school..tb_assign_course"
[DEBUG] [14:57:43.350] [JavaFX Application Thread] [] org.mybatis.generator.internal.db.DatabaseIntrospector.getColumns:563 --> Found column "ace_date", data type 93, in table "db_school..tb_assign_course"
[INFO] [14:58:16.155] [JavaFX Application Thread] [] com.zzg.mybatis.generator.util.ConfigHelper.findConnectorLibPath:215 --> jar resource: file:/C:/Users/Administrator/IdeaProjects/mybatis-generator-gui/target/classes/logback.xml
[INFO] [14:58:16.156] [JavaFX Application Thread] [] com.zzg.mybatis.generator.bridge.MybatisGeneratorBridge.generate:66 --> connectorLibPath: C:\Users\Administrator\IdeaProjects\mybatis-generator-gui\target\classes\lib\mysql-connector-java-5.1.38.jar
[INFO] [14:58:16.156] [JavaFX Application Thread] [] com.zzg.mybatis.generator.util.DbUtil.getConnectionUrlWithSchema:208 --> getConnectionUrlWithSchema, connection url: jdbc:mysql://localhost:3306/db_school?useUnicode=true&useSSL=false&characterEncoding=utf8
[DEBUG] [14:58:16.162] [JavaFX Application Thread] [] org.mybatis.generator.internal.db.DatabaseIntrospector.getColumns:506 --> Retrieving column information for table "db_school.tb_course_info"
[DEBUG] [14:58:16.175] [JavaFX Application Thread] [] org.mybatis.generator.internal.db.DatabaseIntrospector.getColumns:563 --> Found column "csi_id", data type 12, in table "db_school..tb_course_info"
[DEBUG] [14:58:16.175] [JavaFX Application Thread] [] org.mybatis.generator.internal.db.DatabaseIntrospector.getColumns:563 --> Found column "scc_code", data type 12, in table "db_school..tb_course_info"
[DEBUG] [14:58:16.175] [JavaFX Application Thread] [] org.mybatis.generator.internal.db.DatabaseIntrospector.getColumns:563 --> Found column "sti_id", data type 12, in table "db_school..tb_course_info"
[DEBUG] [14:58:16.175] [JavaFX Application Thread] [] org.mybatis.generator.internal.db.DatabaseIntrospector.getColumns:563 --> Found column "csi_grade", data type 7, in table "db_school..tb_course_info"
[DEBUG] [14:58:16.176] [JavaFX Application Thread] [] org.mybatis.generator.internal.db.DatabaseIntrospector.getColumns:563 --> Found column "csi_exam_type", data type 12, in table "db_school..tb_course_info"
[DEBUG] [14:58:16.176] [JavaFX Application Thread] [] org.mybatis.generator.internal.db.DatabaseIntrospector.getColumns:563 --> Found column "csi_exam_date", data type 93, in table "db_school..tb_course_info"
[DEBUG] [14:58:16.176] [JavaFX Application Thread] [] org.mybatis.generator.internal.db.DatabaseIntrospector.getColumns:563 --> Found column "csi_czy", data type 12, in table "db_school..tb_course_info"
