[INFO] [09:07:48.119] [JavaFX Application Thread] [] com.zzg.mybatis.generator.util.ConnectionManager.getConnection:20 --> database FilePath :C:\Users\Administrator\IdeaProjects\mybatis-generator-gui\.\config\sqlite3.db
[INFO] [09:07:51.327] [JavaFX Application Thread] [] com.zzg.mybatis.generator.util.ConfigHelper.getAllJDBCDriverJarPaths:238 --> jar lib path: C:\Users\Administrator\IdeaProjects\mybatis-generator-gui\src\main\resources\lib
[INFO] [09:07:51.327] [JavaFX Application Thread] [] com.zzg.mybatis.generator.util.ConfigHelper.getAllJDBCDriverJarPaths:242 --> jar file: C:\Users\Administrator\IdeaProjects\mybatis-generator-gui\src\main\resources\lib\mysql-connector-java-5.1.38.jar
[INFO] [09:07:51.328] [JavaFX Application Thread] [] com.zzg.mybatis.generator.util.ConfigHelper.getAllJDBCDriverJarPaths:242 --> jar file: C:\Users\Administrator\IdeaProjects\mybatis-generator-gui\src\main\resources\lib\mysql-connector-java-8.0.11.jar
[INFO] [09:07:51.328] [JavaFX Application Thread] [] com.zzg.mybatis.generator.util.ConfigHelper.getAllJDBCDriverJarPaths:242 --> jar file: C:\Users\Administrator\IdeaProjects\mybatis-generator-gui\src\main\resources\lib\ojdbc6.jar
[INFO] [09:07:51.328] [JavaFX Application Thread] [] com.zzg.mybatis.generator.util.ConfigHelper.getAllJDBCDriverJarPaths:242 --> jar file: C:\Users\Administrator\IdeaProjects\mybatis-generator-gui\src\main\resources\lib\postgresql-9.4.1209.jar
[INFO] [09:07:51.328] [JavaFX Application Thread] [] com.zzg.mybatis.generator.util.ConfigHelper.getAllJDBCDriverJarPaths:242 --> jar file: C:\Users\Administrator\IdeaProjects\mybatis-generator-gui\src\main\resources\lib\sqlite-jdbc-3.19.3.jar
[INFO] [09:07:51.329] [JavaFX Application Thread] [] com.zzg.mybatis.generator.util.ConfigHelper.getAllJDBCDriverJarPaths:242 --> jar file: C:\Users\Administrator\IdeaProjects\mybatis-generator-gui\src\main\resources\lib\sqljdbc4-4.0.jar
[INFO] [09:07:51.330] [JavaFX Application Thread] [] com.zzg.mybatis.generator.util.DbUtil.loadDbDriver:222 --> load driver class: com.mysql.jdbc.Driver@5e551912
[INFO] [09:07:51.330] [JavaFX Application Thread] [] com.zzg.mybatis.generator.util.DbUtil.getConnectionUrlWithSchema:208 --> getConnectionUrlWithSchema, connection url: jdbc:mysql://localhost:3306/db_school?useUnicode=true&useSSL=false&characterEncoding=utf8
[INFO] [09:07:51.484] [JavaFX Application Thread] [] com.zzg.mybatis.generator.util.DbUtil.getConnection:133 --> getConnection, connection url: com.mysql.jdbc.JDBC4Connection@37963f78
[INFO] [09:09:12.870] [JavaFX Application Thread] [] com.zzg.mybatis.generator.util.ConfigHelper.findConnectorLibPath:215 --> jar resource: file:/C:/Users/Administrator/IdeaProjects/mybatis-generator-gui/target/classes/logback.xml
[INFO] [09:09:12.871] [JavaFX Application Thread] [] com.zzg.mybatis.generator.bridge.MybatisGeneratorBridge.generate:66 --> connectorLibPath: C:\Users\Administrator\IdeaProjects\mybatis-generator-gui\target\classes\lib\mysql-connector-java-5.1.38.jar
[INFO] [09:09:12.873] [JavaFX Application Thread] [] com.zzg.mybatis.generator.util.DbUtil.getConnectionUrlWithSchema:208 --> getConnectionUrlWithSchema, connection url: jdbc:mysql://localhost:3306/db_school?useUnicode=true&useSSL=false&characterEncoding=utf8
[DEBUG] [09:09:12.910] [JavaFX Application Thread] [] org.mybatis.generator.logging.LogFactory.setImplementation:105 --> Logging initialized using 'org.mybatis.generator.logging.slf4j.Slf4jLoggingLogFactory@7c2f5ac8' adapter.
[DEBUG] [09:09:12.912] [JavaFX Application Thread] [] org.mybatis.generator.internal.db.DatabaseIntrospector.getColumns:506 --> Retrieving column information for table "db_school.tb_borrow_info"
[DEBUG] [09:09:12.947] [JavaFX Application Thread] [] org.mybatis.generator.internal.db.DatabaseIntrospector.getColumns:563 --> Found column "bwi_id", data type 12, in table "db_school..tb_borrow_info"
[DEBUG] [09:09:12.948] [JavaFX Application Thread] [] org.mybatis.generator.internal.db.DatabaseIntrospector.getColumns:563 --> Found column "bki_id", data type 12, in table "db_school..tb_borrow_info"
[DEBUG] [09:09:12.948] [JavaFX Application Thread] [] org.mybatis.generator.internal.db.DatabaseIntrospector.getColumns:563 --> Found column "sti_id", data type 12, in table "db_school..tb_borrow_info"
[DEBUG] [09:09:12.948] [JavaFX Application Thread] [] org.mybatis.generator.internal.db.DatabaseIntrospector.getColumns:563 --> Found column "bwi_name", data type 12, in table "db_school..tb_borrow_info"
[DEBUG] [09:09:12.949] [JavaFX Application Thread] [] org.mybatis.generator.internal.db.DatabaseIntrospector.getColumns:563 --> Found column "bwi_price", data type 8, in table "db_school..tb_borrow_info"
[DEBUG] [09:09:12.949] [JavaFX Application Thread] [] org.mybatis.generator.internal.db.DatabaseIntrospector.getColumns:563 --> Found column "bwi_type", data type 12, in table "db_school..tb_borrow_info"
[DEBUG] [09:09:12.949] [JavaFX Application Thread] [] org.mybatis.generator.internal.db.DatabaseIntrospector.getColumns:563 --> Found column "bwi_date", data type 93, in table "db_school..tb_borrow_info"
[DEBUG] [09:09:12.950] [JavaFX Application Thread] [] org.mybatis.generator.internal.db.DatabaseIntrospector.getColumns:563 --> Found column "bwi_count", data type 4, in table "db_school..tb_borrow_info"
[DEBUG] [09:09:12.950] [JavaFX Application Thread] [] org.mybatis.generator.internal.db.DatabaseIntrospector.getColumns:563 --> Found column "bwi_return_date", data type 93, in table "db_school..tb_borrow_info"
[DEBUG] [09:09:12.950] [JavaFX Application Thread] [] org.mybatis.generator.internal.db.DatabaseIntrospector.getColumns:563 --> Found column "bwi_czy", data type 12, in table "db_school..tb_borrow_info"
[INFO] [09:19:41.795] [JavaFX Application Thread] [] com.zzg.mybatis.generator.util.ConnectionManager.getConnection:20 --> database FilePath :C:\Users\Administrator\IdeaProjects\mybatis-generator-gui\.\config\sqlite3.db
[INFO] [09:19:44.996] [JavaFX Application Thread] [] com.zzg.mybatis.generator.util.ConfigHelper.getAllJDBCDriverJarPaths:238 --> jar lib path: C:\Users\Administrator\IdeaProjects\mybatis-generator-gui\src\main\resources\lib
[INFO] [09:19:44.997] [JavaFX Application Thread] [] com.zzg.mybatis.generator.util.ConfigHelper.getAllJDBCDriverJarPaths:242 --> jar file: C:\Users\Administrator\IdeaProjects\mybatis-generator-gui\src\main\resources\lib\mysql-connector-java-5.1.38.jar
[INFO] [09:19:44.997] [JavaFX Application Thread] [] com.zzg.mybatis.generator.util.ConfigHelper.getAllJDBCDriverJarPaths:242 --> jar file: C:\Users\Administrator\IdeaProjects\mybatis-generator-gui\src\main\resources\lib\mysql-connector-java-8.0.11.jar
[INFO] [09:19:44.997] [JavaFX Application Thread] [] com.zzg.mybatis.generator.util.ConfigHelper.getAllJDBCDriverJarPaths:242 --> jar file: C:\Users\Administrator\IdeaProjects\mybatis-generator-gui\src\main\resources\lib\ojdbc6.jar
[INFO] [09:19:44.997] [JavaFX Application Thread] [] com.zzg.mybatis.generator.util.ConfigHelper.getAllJDBCDriverJarPaths:242 --> jar file: C:\Users\Administrator\IdeaProjects\mybatis-generator-gui\src\main\resources\lib\postgresql-9.4.1209.jar
[INFO] [09:19:44.997] [JavaFX Application Thread] [] com.zzg.mybatis.generator.util.ConfigHelper.getAllJDBCDriverJarPaths:242 --> jar file: C:\Users\Administrator\IdeaProjects\mybatis-generator-gui\src\main\resources\lib\sqlite-jdbc-3.19.3.jar
[INFO] [09:19:44.998] [JavaFX Application Thread] [] com.zzg.mybatis.generator.util.ConfigHelper.getAllJDBCDriverJarPaths:242 --> jar file: C:\Users\Administrator\IdeaProjects\mybatis-generator-gui\src\main\resources\lib\sqljdbc4-4.0.jar
[INFO] [09:19:44.998] [JavaFX Application Thread] [] com.zzg.mybatis.generator.util.DbUtil.loadDbDriver:222 --> load driver class: com.mysql.jdbc.Driver@27b1bfb6
[INFO] [09:19:44.999] [JavaFX Application Thread] [] com.zzg.mybatis.generator.util.DbUtil.getConnectionUrlWithSchema:208 --> getConnectionUrlWithSchema, connection url: jdbc:mysql://localhost:3306/db_school?useUnicode=true&useSSL=false&characterEncoding=utf8
[INFO] [09:19:45.149] [JavaFX Application Thread] [] com.zzg.mybatis.generator.util.DbUtil.getConnection:133 --> getConnection, connection url: com.mysql.jdbc.JDBC4Connection@2fe2f400
[INFO] [09:20:40.199] [JavaFX Application Thread] [] com.zzg.mybatis.generator.util.ConfigHelper.findConnectorLibPath:215 --> jar resource: file:/C:/Users/Administrator/IdeaProjects/mybatis-generator-gui/target/classes/logback.xml
[INFO] [09:20:40.200] [JavaFX Application Thread] [] com.zzg.mybatis.generator.bridge.MybatisGeneratorBridge.generate:66 --> connectorLibPath: C:\Users\Administrator\IdeaProjects\mybatis-generator-gui\target\classes\lib\mysql-connector-java-5.1.38.jar
[INFO] [09:20:40.204] [JavaFX Application Thread] [] com.zzg.mybatis.generator.util.DbUtil.getConnectionUrlWithSchema:208 --> getConnectionUrlWithSchema, connection url: jdbc:mysql://localhost:3306/db_school?useUnicode=true&useSSL=false&characterEncoding=utf8
[DEBUG] [09:20:40.250] [JavaFX Application Thread] [] org.mybatis.generator.logging.LogFactory.setImplementation:105 --> Logging initialized using 'org.mybatis.generator.logging.slf4j.Slf4jLoggingLogFactory@5d4333d3' adapter.
[DEBUG] [09:20:40.252] [JavaFX Application Thread] [] org.mybatis.generator.internal.db.DatabaseIntrospector.getColumns:506 --> Retrieving column information for table "db_school.tb_book_info"
[DEBUG] [09:20:40.276] [JavaFX Application Thread] [] org.mybatis.generator.internal.db.DatabaseIntrospector.getColumns:563 --> Found column "bki_id", data type 12, in table "db_school..tb_book_info"
[DEBUG] [09:20:40.276] [JavaFX Application Thread] [] org.mybatis.generator.internal.db.DatabaseIntrospector.getColumns:563 --> Found column "bki_name", data type 12, in table "db_school..tb_book_info"
[DEBUG] [09:20:40.277] [JavaFX Application Thread] [] org.mybatis.generator.internal.db.DatabaseIntrospector.getColumns:563 --> Found column "bki_type", data type 12, in table "db_school..tb_book_info"
[DEBUG] [09:20:40.277] [JavaFX Application Thread] [] org.mybatis.generator.internal.db.DatabaseIntrospector.getColumns:563 --> Found column "bki_writer", data type 12, in table "db_school..tb_book_info"
[DEBUG] [09:20:40.278] [JavaFX Application Thread] [] org.mybatis.generator.internal.db.DatabaseIntrospector.getColumns:563 --> Found column "bki_concern", data type 12, in table "db_school..tb_book_info"
[DEBUG] [09:20:40.278] [JavaFX Application Thread] [] org.mybatis.generator.internal.db.DatabaseIntrospector.getColumns:563 --> Found column "bki_publish_date", data type 93, in table "db_school..tb_book_info"
[DEBUG] [09:20:40.278] [JavaFX Application Thread] [] org.mybatis.generator.internal.db.DatabaseIntrospector.getColumns:563 --> Found column "bki_price", data type 8, in table "db_school..tb_book_info"
[DEBUG] [09:20:40.279] [JavaFX Application Thread] [] org.mybatis.generator.internal.db.DatabaseIntrospector.getColumns:563 --> Found column "bki_register_date", data type 93, in table "db_school..tb_book_info"
[DEBUG] [09:20:40.279] [JavaFX Application Thread] [] org.mybatis.generator.internal.db.DatabaseIntrospector.getColumns:563 --> Found column "bki_count", data type 4, in table "db_school..tb_book_info"
[DEBUG] [09:20:40.280] [JavaFX Application Thread] [] org.mybatis.generator.internal.db.DatabaseIntrospector.getColumns:563 --> Found column "bki_czy", data type 12, in table "db_school..tb_book_info"
[DEBUG] [09:20:40.280] [JavaFX Application Thread] [] org.mybatis.generator.internal.db.DatabaseIntrospector.getColumns:563 --> Found column "bki_remark", data type 12, in table "db_school..tb_book_info"
[INFO] [09:21:10.506] [JavaFX Application Thread] [] com.zzg.mybatis.generator.util.ConfigHelper.findConnectorLibPath:215 --> jar resource: file:/C:/Users/Administrator/IdeaProjects/mybatis-generator-gui/target/classes/logback.xml
[INFO] [09:21:10.507] [JavaFX Application Thread] [] com.zzg.mybatis.generator.bridge.MybatisGeneratorBridge.generate:66 --> connectorLibPath: C:\Users\Administrator\IdeaProjects\mybatis-generator-gui\target\classes\lib\mysql-connector-java-5.1.38.jar
[INFO] [09:21:10.507] [JavaFX Application Thread] [] com.zzg.mybatis.generator.util.DbUtil.getConnectionUrlWithSchema:208 --> getConnectionUrlWithSchema, connection url: jdbc:mysql://localhost:3306/db_school?useUnicode=true&useSSL=false&characterEncoding=utf8
[DEBUG] [09:21:10.513] [JavaFX Application Thread] [] org.mybatis.generator.internal.db.DatabaseIntrospector.getColumns:506 --> Retrieving column information for table "db_school.tb_borrow_info"
[DEBUG] [09:21:10.518] [JavaFX Application Thread] [] org.mybatis.generator.internal.db.DatabaseIntrospector.getColumns:563 --> Found column "bwi_id", data type 12, in table "db_school..tb_borrow_info"
[DEBUG] [09:21:10.518] [JavaFX Application Thread] [] org.mybatis.generator.internal.db.DatabaseIntrospector.getColumns:563 --> Found column "bki_id", data type 12, in table "db_school..tb_borrow_info"
[DEBUG] [09:21:10.519] [JavaFX Application Thread] [] org.mybatis.generator.internal.db.DatabaseIntrospector.getColumns:563 --> Found column "sti_id", data type 12, in table "db_school..tb_borrow_info"
[DEBUG] [09:21:10.519] [JavaFX Application Thread] [] org.mybatis.generator.internal.db.DatabaseIntrospector.getColumns:563 --> Found column "bwi_name", data type 12, in table "db_school..tb_borrow_info"
[DEBUG] [09:21:10.519] [JavaFX Application Thread] [] org.mybatis.generator.internal.db.DatabaseIntrospector.getColumns:563 --> Found column "bwi_price", data type 8, in table "db_school..tb_borrow_info"
[DEBUG] [09:21:10.520] [JavaFX Application Thread] [] org.mybatis.generator.internal.db.DatabaseIntrospector.getColumns:563 --> Found column "bwi_type", data type 12, in table "db_school..tb_borrow_info"
[DEBUG] [09:21:10.520] [JavaFX Application Thread] [] org.mybatis.generator.internal.db.DatabaseIntrospector.getColumns:563 --> Found column "bwi_borrow_date", data type 93, in table "db_school..tb_borrow_info"
[DEBUG] [09:21:10.520] [JavaFX Application Thread] [] org.mybatis.generator.internal.db.DatabaseIntrospector.getColumns:563 --> Found column "bwi_count", data type 4, in table "db_school..tb_borrow_info"
[DEBUG] [09:21:10.520] [JavaFX Application Thread] [] org.mybatis.generator.internal.db.DatabaseIntrospector.getColumns:563 --> Found column "bwi_return_date", data type 93, in table "db_school..tb_borrow_info"
[DEBUG] [09:21:10.520] [JavaFX Application Thread] [] org.mybatis.generator.internal.db.DatabaseIntrospector.getColumns:563 --> Found column "bwi_czy", data type 12, in table "db_school..tb_borrow_info"
[INFO] [12:16:38.887] [JavaFX Application Thread] [] com.zzg.mybatis.generator.util.ConnectionManager.getConnection:20 --> database FilePath :C:\Users\Administrator\IdeaProjects\mybatis-generator-gui\.\config\sqlite3.db
[INFO] [12:16:43.254] [JavaFX Application Thread] [] com.zzg.mybatis.generator.util.ConfigHelper.getAllJDBCDriverJarPaths:238 --> jar lib path: C:\Users\Administrator\IdeaProjects\mybatis-generator-gui\src\main\resources\lib
[INFO] [12:16:43.254] [JavaFX Application Thread] [] com.zzg.mybatis.generator.util.ConfigHelper.getAllJDBCDriverJarPaths:242 --> jar file: C:\Users\Administrator\IdeaProjects\mybatis-generator-gui\src\main\resources\lib\mysql-connector-java-5.1.38.jar
[INFO] [12:16:43.254] [JavaFX Application Thread] [] com.zzg.mybatis.generator.util.ConfigHelper.getAllJDBCDriverJarPaths:242 --> jar file: C:\Users\Administrator\IdeaProjects\mybatis-generator-gui\src\main\resources\lib\mysql-connector-java-8.0.11.jar
[INFO] [12:16:43.255] [JavaFX Application Thread] [] com.zzg.mybatis.generator.util.ConfigHelper.getAllJDBCDriverJarPaths:242 --> jar file: C:\Users\Administrator\IdeaProjects\mybatis-generator-gui\src\main\resources\lib\ojdbc6.jar
[INFO] [12:16:43.255] [JavaFX Application Thread] [] com.zzg.mybatis.generator.util.ConfigHelper.getAllJDBCDriverJarPaths:242 --> jar file: C:\Users\Administrator\IdeaProjects\mybatis-generator-gui\src\main\resources\lib\postgresql-9.4.1209.jar
[INFO] [12:16:43.255] [JavaFX Application Thread] [] com.zzg.mybatis.generator.util.ConfigHelper.getAllJDBCDriverJarPaths:242 --> jar file: C:\Users\Administrator\IdeaProjects\mybatis-generator-gui\src\main\resources\lib\sqlite-jdbc-3.19.3.jar
[INFO] [12:16:43.255] [JavaFX Application Thread] [] com.zzg.mybatis.generator.util.ConfigHelper.getAllJDBCDriverJarPaths:242 --> jar file: C:\Users\Administrator\IdeaProjects\mybatis-generator-gui\src\main\resources\lib\sqljdbc4-4.0.jar
[INFO] [12:16:43.256] [JavaFX Application Thread] [] com.zzg.mybatis.generator.util.DbUtil.loadDbDriver:222 --> load driver class: com.mysql.jdbc.Driver@2097fe6e
[INFO] [12:16:43.256] [JavaFX Application Thread] [] com.zzg.mybatis.generator.util.DbUtil.getConnectionUrlWithSchema:208 --> getConnectionUrlWithSchema, connection url: jdbc:mysql://localhost:3306/db_school?useUnicode=true&useSSL=false&characterEncoding=utf8
[INFO] [12:16:43.422] [JavaFX Application Thread] [] com.zzg.mybatis.generator.util.DbUtil.getConnection:133 --> getConnection, connection url: com.mysql.jdbc.JDBC4Connection@36dd9e27
[INFO] [12:18:22.528] [JavaFX Application Thread] [] com.zzg.mybatis.generator.util.ConfigHelper.findConnectorLibPath:215 --> jar resource: file:/C:/Users/Administrator/IdeaProjects/mybatis-generator-gui/target/classes/logback.xml
[INFO] [12:18:22.530] [JavaFX Application Thread] [] com.zzg.mybatis.generator.bridge.MybatisGeneratorBridge.generate:66 --> connectorLibPath: C:\Users\Administrator\IdeaProjects\mybatis-generator-gui\target\classes\lib\mysql-connector-java-5.1.38.jar
[INFO] [12:18:22.533] [JavaFX Application Thread] [] com.zzg.mybatis.generator.util.DbUtil.getConnectionUrlWithSchema:208 --> getConnectionUrlWithSchema, connection url: jdbc:mysql://localhost:3306/db_school?useUnicode=true&useSSL=false&characterEncoding=utf8
[DEBUG] [12:18:22.567] [JavaFX Application Thread] [] org.mybatis.generator.logging.LogFactory.setImplementation:105 --> Logging initialized using 'org.mybatis.generator.logging.slf4j.Slf4jLoggingLogFactory@242f7d1c' adapter.
[DEBUG] [12:18:22.569] [JavaFX Application Thread] [] org.mybatis.generator.internal.db.DatabaseIntrospector.getColumns:506 --> Retrieving column information for table "db_school.tb_empl_assign_charge"
[DEBUG] [12:18:22.587] [JavaFX Application Thread] [] org.mybatis.generator.internal.db.DatabaseIntrospector.getColumns:563 --> Found column "eac_id", data type 12, in table "db_school..tb_empl_assign_charge"
[DEBUG] [12:18:22.587] [JavaFX Application Thread] [] org.mybatis.generator.internal.db.DatabaseIntrospector.getColumns:563 --> Found column "tei_id", data type 12, in table "db_school..tb_empl_assign_charge"
[DEBUG] [12:18:22.587] [JavaFX Application Thread] [] org.mybatis.generator.internal.db.DatabaseIntrospector.getColumns:563 --> Found column "sci_id", data type 12, in table "db_school..tb_empl_assign_charge"
[DEBUG] [12:18:22.588] [JavaFX Application Thread] [] org.mybatis.generator.internal.db.DatabaseIntrospector.getColumns:563 --> Found column "eac_rzrq", data type 93, in table "db_school..tb_empl_assign_charge"
[DEBUG] [12:18:22.588] [JavaFX Application Thread] [] org.mybatis.generator.internal.db.DatabaseIntrospector.getColumns:563 --> Found column "eac_date", data type 93, in table "db_school..tb_empl_assign_charge"
[INFO] [12:18:43.297] [JavaFX Application Thread] [] com.zzg.mybatis.generator.util.ConfigHelper.findConnectorLibPath:215 --> jar resource: file:/C:/Users/Administrator/IdeaProjects/mybatis-generator-gui/target/classes/logback.xml
[INFO] [12:18:43.297] [JavaFX Application Thread] [] com.zzg.mybatis.generator.bridge.MybatisGeneratorBridge.generate:66 --> connectorLibPath: C:\Users\Administrator\IdeaProjects\mybatis-generator-gui\target\classes\lib\mysql-connector-java-5.1.38.jar
[INFO] [12:18:43.298] [JavaFX Application Thread] [] com.zzg.mybatis.generator.util.DbUtil.getConnectionUrlWithSchema:208 --> getConnectionUrlWithSchema, connection url: jdbc:mysql://localhost:3306/db_school?useUnicode=true&useSSL=false&characterEncoding=utf8
[DEBUG] [12:18:43.305] [JavaFX Application Thread] [] org.mybatis.generator.internal.db.DatabaseIntrospector.getColumns:506 --> Retrieving column information for table "db_school.tb_empl_assign_course"
[DEBUG] [12:18:43.310] [JavaFX Application Thread] [] org.mybatis.generator.internal.db.DatabaseIntrospector.getColumns:563 --> Found column "eac_id", data type 12, in table "db_school..tb_empl_assign_course"
[DEBUG] [12:18:43.311] [JavaFX Application Thread] [] org.mybatis.generator.internal.db.DatabaseIntrospector.getColumns:563 --> Found column "tei_id", data type 12, in table "db_school..tb_empl_assign_course"
[DEBUG] [12:18:43.311] [JavaFX Application Thread] [] org.mybatis.generator.internal.db.DatabaseIntrospector.getColumns:563 --> Found column "scc_code", data type 12, in table "db_school..tb_empl_assign_course"
[DEBUG] [12:18:43.311] [JavaFX Application Thread] [] org.mybatis.generator.internal.db.DatabaseIntrospector.getColumns:563 --> Found column "eac_rkrq", data type 93, in table "db_school..tb_empl_assign_course"
[DEBUG] [12:18:43.312] [JavaFX Application Thread] [] org.mybatis.generator.internal.db.DatabaseIntrospector.getColumns:563 --> Found column "eac_date", data type 93, in table "db_school..tb_empl_assign_course"
